

Started GET "/" for ::1 at 2016-04-12 14:45:18 -0700
Processing by Rails::WelcomeController#index as HTML
  Rendered /Users/BZhen/.rvm/gems/ruby-2.3.0/gems/railties-4.2.4/lib/rails/templates/rails/welcome/index.html.erb (2.9ms)
Completed 200 OK in 27ms (Views: 15.2ms | ActiveRecord: 0.0ms)


Started GET "/rails/info/properties" for ::1 at 2016-04-12 14:45:55 -0700
Processing by Rails::InfoController#properties as HTML
  Rendered /Users/BZhen/.rvm/gems/ruby-2.3.0/gems/railties-4.2.4/lib/rails/templates/rails/info/properties.html.erb within layouts/application (1.1ms)
Completed 200 OK in 65ms (Views: 15.4ms | ActiveRecord: 2.4ms)


Started GET "/rails/info/properties" for ::1 at 2016-04-12 14:46:02 -0700
Processing by Rails::InfoController#properties as */*
  Rendered /Users/BZhen/.rvm/gems/ruby-2.3.0/gems/railties-4.2.4/lib/rails/templates/rails/info/properties.html.erb (0.3ms)
Completed 200 OK in 38ms (Views: 37.3ms | ActiveRecord: 0.0ms)
  [1m[36m (1.6ms)[0m  [1mCREATE TABLE "schema_migrations" ("version" varchar NOT NULL) [0m
  [1m[35m (0.5ms)[0m  select sqlite_version(*)
  [1m[36m (1.2ms)[0m  [1mCREATE UNIQUE INDEX "unique_schema_migrations" ON "schema_migrations" ("version")[0m
  [1m[35mActiveRecord::SchemaMigration Load (0.2ms)[0m  SELECT "schema_migrations".* FROM "schema_migrations"
Migrating to CreatePosts (20160412215029)
  [1m[36m (0.1ms)[0m  [1mbegin transaction[0m
  [1m[35m (0.9ms)[0m  CREATE TABLE "posts" ("id" INTEGER PRIMARY KEY AUTOINCREMENT NOT NULL, "title" varchar, "content" text, "created_at" datetime NOT NULL, "updated_at" datetime NOT NULL) 
  [1m[36mSQL (0.3ms)[0m  [1mINSERT INTO "schema_migrations" ("version") VALUES (?)[0m  [["version", "20160412215029"]]
  [1m[35m (0.9ms)[0m  commit transaction
  [1m[36mActiveRecord::SchemaMigration Load (0.1ms)[0m  [1mSELECT "schema_migrations".* FROM "schema_migrations"[0m


Started GET "/" for ::1 at 2016-04-12 15:09:53 -0700
  [1m[36mActiveRecord::SchemaMigration Load (0.5ms)[0m  [1mSELECT "schema_migrations".* FROM "schema_migrations"[0m
Processing by PostsController#index as HTML
Completed 500 Internal Server Error in 30ms (ActiveRecord: 0.0ms)

ActionView::MissingTemplate (Missing template posts/index, application/index with {:locale=>[:en], :formats=>[:html], :variants=>[], :handlers=>[:erb, :builder, :raw, :ruby, :coffee, :haml, :jbuilder]}. Searched in:
  * "/Users/BZhen/Desktop/forum/forum/app/views"
  * "/Users/BZhen/.rvm/gems/ruby-2.3.0/gems/devise-3.5.6/app/views"
):
  actionview (4.2.4) lib/action_view/path_set.rb:46:in `find'
  actionview (4.2.4) lib/action_view/lookup_context.rb:121:in `find'
  actionview (4.2.4) lib/action_view/renderer/abstract_renderer.rb:18:in `find_template'
  actionview (4.2.4) lib/action_view/renderer/template_renderer.rb:40:in `determine_template'
  actionview (4.2.4) lib/action_view/renderer/template_renderer.rb:8:in `render'
  actionview (4.2.4) lib/action_view/renderer/renderer.rb:42:in `render_template'
  actionview (4.2.4) lib/action_view/renderer/renderer.rb:23:in `render'
  actionview (4.2.4) lib/action_view/rendering.rb:100:in `_render_template'
  actionpack (4.2.4) lib/action_controller/metal/streaming.rb:217:in `_render_template'
  actionview (4.2.4) lib/action_view/rendering.rb:83:in `render_to_body'
  actionpack (4.2.4) lib/action_controller/metal/rendering.rb:32:in `render_to_body'
  actionpack (4.2.4) lib/action_controller/metal/renderers.rb:37:in `render_to_body'
  actionpack (4.2.4) lib/abstract_controller/rendering.rb:25:in `render'
  actionpack (4.2.4) lib/action_controller/metal/rendering.rb:16:in `render'
  actionpack (4.2.4) lib/action_controller/metal/instrumentation.rb:44:in `block (2 levels) in render'
  activesupport (4.2.4) lib/active_support/core_ext/benchmark.rb:12:in `block in ms'
  /Users/BZhen/.rbenv/versions/2.2.0/lib/ruby/2.2.0/benchmark.rb:303:in `realtime'
  activesupport (4.2.4) lib/active_support/core_ext/benchmark.rb:12:in `ms'
  actionpack (4.2.4) lib/action_controller/metal/instrumentation.rb:44:in `block in render'
  actionpack (4.2.4) lib/action_controller/metal/instrumentation.rb:87:in `cleanup_view_runtime'
  activerecord (4.2.4) lib/active_record/railties/controller_runtime.rb:25:in `cleanup_view_runtime'
  actionpack (4.2.4) lib/action_controller/metal/instrumentation.rb:43:in `render'
  actionpack (4.2.4) lib/action_controller/metal/implicit_render.rb:10:in `default_render'
  actionpack (4.2.4) lib/action_controller/metal/implicit_render.rb:5:in `send_action'
  actionpack (4.2.4) lib/abstract_controller/base.rb:198:in `process_action'
  actionpack (4.2.4) lib/action_controller/metal/rendering.rb:10:in `process_action'
  actionpack (4.2.4) lib/abstract_controller/callbacks.rb:20:in `block in process_action'
  activesupport (4.2.4) lib/active_support/callbacks.rb:117:in `call'
  activesupport (4.2.4) lib/active_support/callbacks.rb:117:in `call'
  activesupport (4.2.4) lib/active_support/callbacks.rb:555:in `block (2 levels) in compile'
  activesupport (4.2.4) lib/active_support/callbacks.rb:505:in `call'
  activesupport (4.2.4) lib/active_support/callbacks.rb:505:in `call'
  activesupport (4.2.4) lib/active_support/callbacks.rb:92:in `__run_callbacks__'
  activesupport (4.2.4) lib/active_support/callbacks.rb:778:in `_run_process_action_callbacks'
  activesupport (4.2.4) lib/active_support/callbacks.rb:81:in `run_callbacks'
  actionpack (4.2.4) lib/abstract_controller/callbacks.rb:19:in `process_action'
  actionpack (4.2.4) lib/action_controller/metal/rescue.rb:29:in `process_action'
  actionpack (4.2.4) lib/action_controller/metal/instrumentation.rb:32:in `block in process_action'
  activesupport (4.2.4) lib/active_support/notifications.rb:164:in `block in instrument'
  activesupport (4.2.4) lib/active_support/notifications/instrumenter.rb:20:in `instrument'
  activesupport (4.2.4) lib/active_support/notifications.rb:164:in `instrument'
  actionpack (4.2.4) lib/action_controller/metal/instrumentation.rb:30:in `process_action'
  actionpack (4.2.4) lib/action_controller/metal/params_wrapper.rb:250:in `process_action'
  activerecord (4.2.4) lib/active_record/railties/controller_runtime.rb:18:in `process_action'
  actionpack (4.2.4) lib/abstract_controller/base.rb:137:in `process'
  actionview (4.2.4) lib/action_view/rendering.rb:30:in `process'
  actionpack (4.2.4) lib/action_controller/metal.rb:196:in `dispatch'
  actionpack (4.2.4) lib/action_controller/metal/rack_delegation.rb:13:in `dispatch'
  actionpack (4.2.4) lib/action_controller/metal.rb:237:in `block in action'
  actionpack (4.2.4) lib/action_dispatch/routing/route_set.rb:76:in `call'
  actionpack (4.2.4) lib/action_dispatch/routing/route_set.rb:76:in `dispatch'
  actionpack (4.2.4) lib/action_dispatch/routing/route_set.rb:45:in `serve'
  actionpack (4.2.4) lib/action_dispatch/journey/router.rb:43:in `block in serve'
  actionpack (4.2.4) lib/action_dispatch/journey/router.rb:30:in `each'
  actionpack (4.2.4) lib/action_dispatch/journey/router.rb:30:in `serve'
  actionpack (4.2.4) lib/action_dispatch/routing/route_set.rb:821:in `call'
  warden (1.2.6) lib/warden/manager.rb:35:in `block in call'
  warden (1.2.6) lib/warden/manager.rb:34:in `catch'
  warden (1.2.6) lib/warden/manager.rb:34:in `call'
  rack (1.6.4) lib/rack/etag.rb:24:in `call'
  rack (1.6.4) lib/rack/conditionalget.rb:25:in `call'
  rack (1.6.4) lib/rack/head.rb:13:in `call'
  actionpack (4.2.4) lib/action_dispatch/middleware/params_parser.rb:27:in `call'
  actionpack (4.2.4) lib/action_dispatch/middleware/flash.rb:260:in `call'
  rack (1.6.4) lib/rack/session/abstract/id.rb:225:in `context'
  rack (1.6.4) lib/rack/session/abstract/id.rb:220:in `call'
  actionpack (4.2.4) lib/action_dispatch/middleware/cookies.rb:560:in `call'
  activerecord (4.2.4) lib/active_record/query_cache.rb:36:in `call'
  activerecord (4.2.4) lib/active_record/connection_adapters/abstract/connection_pool.rb:653:in `call'
  activerecord (4.2.4) lib/active_record/migration.rb:377:in `call'
  actionpack (4.2.4) lib/action_dispatch/middleware/callbacks.rb:29:in `block in call'
  activesupport (4.2.4) lib/active_support/callbacks.rb:88:in `__run_callbacks__'
  activesupport (4.2.4) lib/active_support/callbacks.rb:778:in `_run_call_callbacks'
  activesupport (4.2.4) lib/active_support/callbacks.rb:81:in `run_callbacks'
  actionpack (4.2.4) lib/action_dispatch/middleware/callbacks.rb:27:in `call'
  actionpack (4.2.4) lib/action_dispatch/middleware/reloader.rb:73:in `call'
  actionpack (4.2.4) lib/action_dispatch/middleware/remote_ip.rb:78:in `call'
  actionpack (4.2.4) lib/action_dispatch/middleware/debug_exceptions.rb:17:in `call'
  web-console (2.3.0) lib/web_console/middleware.rb:28:in `block in call'
  web-console (2.3.0) lib/web_console/middleware.rb:18:in `catch'
  web-console (2.3.0) lib/web_console/middleware.rb:18:in `call'
  actionpack (4.2.4) lib/action_dispatch/middleware/show_exceptions.rb:30:in `call'
  railties (4.2.4) lib/rails/rack/logger.rb:38:in `call_app'
  railties (4.2.4) lib/rails/rack/logger.rb:20:in `block in call'
  activesupport (4.2.4) lib/active_support/tagged_logging.rb:68:in `block in tagged'
  activesupport (4.2.4) lib/active_support/tagged_logging.rb:26:in `tagged'
  activesupport (4.2.4) lib/active_support/tagged_logging.rb:68:in `tagged'
  railties (4.2.4) lib/rails/rack/logger.rb:20:in `call'
  actionpack (4.2.4) lib/action_dispatch/middleware/request_id.rb:21:in `call'
  rack (1.6.4) lib/rack/methodoverride.rb:22:in `call'
  rack (1.6.4) lib/rack/runtime.rb:18:in `call'
  activesupport (4.2.4) lib/active_support/cache/strategy/local_cache_middleware.rb:28:in `call'
  rack (1.6.4) lib/rack/lock.rb:17:in `call'
  actionpack (4.2.4) lib/action_dispatch/middleware/static.rb:116:in `call'
  rack (1.6.4) lib/rack/sendfile.rb:113:in `call'
  railties (4.2.4) lib/rails/engine.rb:518:in `call'
  railties (4.2.4) lib/rails/application.rb:165:in `call'
  rack (1.6.4) lib/rack/lock.rb:17:in `call'
  rack (1.6.4) lib/rack/content_length.rb:15:in `call'
  rack (1.6.4) lib/rack/handler/webrick.rb:88:in `service'
  /Users/BZhen/.rbenv/versions/2.2.0/lib/ruby/2.2.0/webrick/httpserver.rb:138:in `service'
  /Users/BZhen/.rbenv/versions/2.2.0/lib/ruby/2.2.0/webrick/httpserver.rb:94:in `run'
  /Users/BZhen/.rbenv/versions/2.2.0/lib/ruby/2.2.0/webrick/server.rb:294:in `block in start_thread'


  Rendered /Users/BZhen/.rvm/gems/ruby-2.3.0/gems/actionpack-4.2.4/lib/action_dispatch/middleware/templates/rescues/_source.erb (6.0ms)
  Rendered /Users/BZhen/.rvm/gems/ruby-2.3.0/gems/actionpack-4.2.4/lib/action_dispatch/middleware/templates/rescues/_trace.html.erb (3.4ms)
  Rendered /Users/BZhen/.rvm/gems/ruby-2.3.0/gems/actionpack-4.2.4/lib/action_dispatch/middleware/templates/rescues/_request_and_response.html.erb (1.3ms)
  Rendered /Users/BZhen/.rvm/gems/ruby-2.3.0/gems/actionpack-4.2.4/lib/action_dispatch/middleware/templates/rescues/missing_template.html.erb within rescues/layout (84.0ms)
  Rendered /Users/BZhen/.rvm/gems/ruby-2.3.0/gems/web-console-2.3.0/lib/web_console/templates/_markup.html.erb (1.5ms)
  Rendered /Users/BZhen/.rvm/gems/ruby-2.3.0/gems/web-console-2.3.0/lib/web_console/templates/_inner_console_markup.html.erb within layouts/inlined_string (0.4ms)
  Rendered /Users/BZhen/.rvm/gems/ruby-2.3.0/gems/web-console-2.3.0/lib/web_console/templates/_prompt_box_markup.html.erb within layouts/inlined_string (0.6ms)
  Rendered /Users/BZhen/.rvm/gems/ruby-2.3.0/gems/web-console-2.3.0/lib/web_console/templates/style.css.erb within layouts/inlined_string (0.4ms)
  Rendered /Users/BZhen/.rvm/gems/ruby-2.3.0/gems/web-console-2.3.0/lib/web_console/templates/console.js.erb within layouts/javascript (92.5ms)
  Rendered /Users/BZhen/.rvm/gems/ruby-2.3.0/gems/web-console-2.3.0/lib/web_console/templates/main.js.erb within layouts/javascript (0.4ms)
  Rendered /Users/BZhen/.rvm/gems/ruby-2.3.0/gems/web-console-2.3.0/lib/web_console/templates/error_page.js.erb within layouts/javascript (0.7ms)
  Rendered /Users/BZhen/.rvm/gems/ruby-2.3.0/gems/web-console-2.3.0/lib/web_console/templates/index.html.erb (190.9ms)


Started GET "/" for ::1 at 2016-04-12 15:13:26 -0700
  [1m[36mActiveRecord::SchemaMigration Load (0.5ms)[0m  [1mSELECT "schema_migrations".* FROM "schema_migrations"[0m
Processing by PostsController#index as HTML
  Rendered posts/index.html.haml within layouts/application (2.8ms)
Completed 200 OK in 1601ms (Views: 1590.2ms | ActiveRecord: 0.0ms)


Started GET "/assets/posts.self-e3b0c44298fc1c149afbf4c8996fb92427ae41e4649b934ca495991b7852b855.css?body=1" for ::1 at 2016-04-12 15:13:29 -0700


Started GET "/assets/application.self-e80e8f2318043e8af94dddc2adad5a4f09739a8ebb323b3ab31cd71d45fd9113.css?body=1" for ::1 at 2016-04-12 15:13:29 -0700


Started GET "/assets/jquery.self-660adc51e0224b731d29f575a6f1ec167ba08ad06ed5deca4f1e8654c135bf4c.js?body=1" for ::1 at 2016-04-12 15:13:29 -0700


Started GET "/assets/jquery_ujs.self-e87806d0cf4489aeb1bb7288016024e8de67fd18db693fe026fe3907581e53cd.js?body=1" for ::1 at 2016-04-12 15:13:29 -0700


Started GET "/assets/turbolinks.self-c37727e9bd6b2735da5c311aa83fead54ed0be6cc8bd9a65309e9c5abe2cbfff.js?body=1" for ::1 at 2016-04-12 15:13:29 -0700


Started GET "/assets/posts.self-877aef30ae1b040ab8a3aba4e3e309a11d7f2612f44dde450b5c157aa5f95c05.js?body=1" for ::1 at 2016-04-12 15:13:29 -0700


Started GET "/assets/application.self-3b8dabdc891efe46b9a144b400ad69e37d7e5876bdc39dee783419a69d7ca819.js?body=1" for ::1 at 2016-04-12 15:13:29 -0700


Started GET "/posts/new" for ::1 at 2016-04-12 15:19:28 -0700
Processing by PostsController#new as HTML
Completed 500 Internal Server Error in 30ms (ActiveRecord: 0.6ms)

ActionView::MissingTemplate (Missing template posts/new, application/new with {:locale=>[:en], :formats=>[:html], :variants=>[], :handlers=>[:erb, :builder, :raw, :ruby, :coffee, :haml, :jbuilder]}. Searched in:
  * "/Users/BZhen/Desktop/forum/forum/app/views"
  * "/Users/BZhen/.rvm/gems/ruby-2.3.0/gems/devise-3.5.6/app/views"
):
  actionview (4.2.4) lib/action_view/path_set.rb:46:in `find'
  actionview (4.2.4) lib/action_view/lookup_context.rb:121:in `find'
  actionview (4.2.4) lib/action_view/renderer/abstract_renderer.rb:18:in `find_template'
  actionview (4.2.4) lib/action_view/renderer/template_renderer.rb:40:in `determine_template'
  actionview (4.2.4) lib/action_view/renderer/template_renderer.rb:8:in `render'
  actionview (4.2.4) lib/action_view/renderer/renderer.rb:42:in `render_template'
  actionview (4.2.4) lib/action_view/renderer/renderer.rb:23:in `render'
  actionview (4.2.4) lib/action_view/rendering.rb:100:in `_render_template'
  actionpack (4.2.4) lib/action_controller/metal/streaming.rb:217:in `_render_template'
  actionview (4.2.4) lib/action_view/rendering.rb:83:in `render_to_body'
  actionpack (4.2.4) lib/action_controller/metal/rendering.rb:32:in `render_to_body'
  actionpack (4.2.4) lib/action_controller/metal/renderers.rb:37:in `render_to_body'
  actionpack (4.2.4) lib/abstract_controller/rendering.rb:25:in `render'
  actionpack (4.2.4) lib/action_controller/metal/rendering.rb:16:in `render'
  actionpack (4.2.4) lib/action_controller/metal/instrumentation.rb:44:in `block (2 levels) in render'
  activesupport (4.2.4) lib/active_support/core_ext/benchmark.rb:12:in `block in ms'
  /Users/BZhen/.rbenv/versions/2.2.0/lib/ruby/2.2.0/benchmark.rb:303:in `realtime'
  activesupport (4.2.4) lib/active_support/core_ext/benchmark.rb:12:in `ms'
  actionpack (4.2.4) lib/action_controller/metal/instrumentation.rb:44:in `block in render'
  actionpack (4.2.4) lib/action_controller/metal/instrumentation.rb:87:in `cleanup_view_runtime'
  activerecord (4.2.4) lib/active_record/railties/controller_runtime.rb:25:in `cleanup_view_runtime'
  actionpack (4.2.4) lib/action_controller/metal/instrumentation.rb:43:in `render'
  actionpack (4.2.4) lib/action_controller/metal/implicit_render.rb:10:in `default_render'
  actionpack (4.2.4) lib/action_controller/metal/implicit_render.rb:5:in `send_action'
  actionpack (4.2.4) lib/abstract_controller/base.rb:198:in `process_action'
  actionpack (4.2.4) lib/action_controller/metal/rendering.rb:10:in `process_action'
  actionpack (4.2.4) lib/abstract_controller/callbacks.rb:20:in `block in process_action'
  activesupport (4.2.4) lib/active_support/callbacks.rb:117:in `call'
  activesupport (4.2.4) lib/active_support/callbacks.rb:117:in `call'
  activesupport (4.2.4) lib/active_support/callbacks.rb:555:in `block (2 levels) in compile'
  activesupport (4.2.4) lib/active_support/callbacks.rb:505:in `call'
  activesupport (4.2.4) lib/active_support/callbacks.rb:505:in `call'
  activesupport (4.2.4) lib/active_support/callbacks.rb:92:in `__run_callbacks__'
  activesupport (4.2.4) lib/active_support/callbacks.rb:778:in `_run_process_action_callbacks'
  activesupport (4.2.4) lib/active_support/callbacks.rb:81:in `run_callbacks'
  actionpack (4.2.4) lib/abstract_controller/callbacks.rb:19:in `process_action'
  actionpack (4.2.4) lib/action_controller/metal/rescue.rb:29:in `process_action'
  actionpack (4.2.4) lib/action_controller/metal/instrumentation.rb:32:in `block in process_action'
  activesupport (4.2.4) lib/active_support/notifications.rb:164:in `block in instrument'
  activesupport (4.2.4) lib/active_support/notifications/instrumenter.rb:20:in `instrument'
  activesupport (4.2.4) lib/active_support/notifications.rb:164:in `instrument'
  actionpack (4.2.4) lib/action_controller/metal/instrumentation.rb:30:in `process_action'
  actionpack (4.2.4) lib/action_controller/metal/params_wrapper.rb:250:in `process_action'
  activerecord (4.2.4) lib/active_record/railties/controller_runtime.rb:18:in `process_action'
  actionpack (4.2.4) lib/abstract_controller/base.rb:137:in `process'
  actionview (4.2.4) lib/action_view/rendering.rb:30:in `process'
  actionpack (4.2.4) lib/action_controller/metal.rb:196:in `dispatch'
  actionpack (4.2.4) lib/action_controller/metal/rack_delegation.rb:13:in `dispatch'
  actionpack (4.2.4) lib/action_controller/metal.rb:237:in `block in action'
  actionpack (4.2.4) lib/action_dispatch/routing/route_set.rb:76:in `call'
  actionpack (4.2.4) lib/action_dispatch/routing/route_set.rb:76:in `dispatch'
  actionpack (4.2.4) lib/action_dispatch/routing/route_set.rb:45:in `serve'
  actionpack (4.2.4) lib/action_dispatch/journey/router.rb:43:in `block in serve'
  actionpack (4.2.4) lib/action_dispatch/journey/router.rb:30:in `each'
  actionpack (4.2.4) lib/action_dispatch/journey/router.rb:30:in `serve'
  actionpack (4.2.4) lib/action_dispatch/routing/route_set.rb:821:in `call'
  warden (1.2.6) lib/warden/manager.rb:35:in `block in call'
  warden (1.2.6) lib/warden/manager.rb:34:in `catch'
  warden (1.2.6) lib/warden/manager.rb:34:in `call'
  rack (1.6.4) lib/rack/etag.rb:24:in `call'
  rack (1.6.4) lib/rack/conditionalget.rb:25:in `call'
  rack (1.6.4) lib/rack/head.rb:13:in `call'
  actionpack (4.2.4) lib/action_dispatch/middleware/params_parser.rb:27:in `call'
  actionpack (4.2.4) lib/action_dispatch/middleware/flash.rb:260:in `call'
  rack (1.6.4) lib/rack/session/abstract/id.rb:225:in `context'
  rack (1.6.4) lib/rack/session/abstract/id.rb:220:in `call'
  actionpack (4.2.4) lib/action_dispatch/middleware/cookies.rb:560:in `call'
  activerecord (4.2.4) lib/active_record/query_cache.rb:36:in `call'
  activerecord (4.2.4) lib/active_record/connection_adapters/abstract/connection_pool.rb:653:in `call'
  activerecord (4.2.4) lib/active_record/migration.rb:377:in `call'
  actionpack (4.2.4) lib/action_dispatch/middleware/callbacks.rb:29:in `block in call'
  activesupport (4.2.4) lib/active_support/callbacks.rb:88:in `__run_callbacks__'
  activesupport (4.2.4) lib/active_support/callbacks.rb:778:in `_run_call_callbacks'
  activesupport (4.2.4) lib/active_support/callbacks.rb:81:in `run_callbacks'
  actionpack (4.2.4) lib/action_dispatch/middleware/callbacks.rb:27:in `call'
  actionpack (4.2.4) lib/action_dispatch/middleware/reloader.rb:73:in `call'
  actionpack (4.2.4) lib/action_dispatch/middleware/remote_ip.rb:78:in `call'
  actionpack (4.2.4) lib/action_dispatch/middleware/debug_exceptions.rb:17:in `call'
  web-console (2.3.0) lib/web_console/middleware.rb:28:in `block in call'
  web-console (2.3.0) lib/web_console/middleware.rb:18:in `catch'
  web-console (2.3.0) lib/web_console/middleware.rb:18:in `call'
  actionpack (4.2.4) lib/action_dispatch/middleware/show_exceptions.rb:30:in `call'
  railties (4.2.4) lib/rails/rack/logger.rb:38:in `call_app'
  railties (4.2.4) lib/rails/rack/logger.rb:20:in `block in call'
  activesupport (4.2.4) lib/active_support/tagged_logging.rb:68:in `block in tagged'
  activesupport (4.2.4) lib/active_support/tagged_logging.rb:26:in `tagged'
  activesupport (4.2.4) lib/active_support/tagged_logging.rb:68:in `tagged'
  railties (4.2.4) lib/rails/rack/logger.rb:20:in `call'
  actionpack (4.2.4) lib/action_dispatch/middleware/request_id.rb:21:in `call'
  rack (1.6.4) lib/rack/methodoverride.rb:22:in `call'
  rack (1.6.4) lib/rack/runtime.rb:18:in `call'
  activesupport (4.2.4) lib/active_support/cache/strategy/local_cache_middleware.rb:28:in `call'
  rack (1.6.4) lib/rack/lock.rb:17:in `call'
  actionpack (4.2.4) lib/action_dispatch/middleware/static.rb:116:in `call'
  rack (1.6.4) lib/rack/sendfile.rb:113:in `call'
  railties (4.2.4) lib/rails/engine.rb:518:in `call'
  railties (4.2.4) lib/rails/application.rb:165:in `call'
  rack (1.6.4) lib/rack/lock.rb:17:in `call'
  rack (1.6.4) lib/rack/content_length.rb:15:in `call'
  rack (1.6.4) lib/rack/handler/webrick.rb:88:in `service'
  /Users/BZhen/.rbenv/versions/2.2.0/lib/ruby/2.2.0/webrick/httpserver.rb:138:in `service'
  /Users/BZhen/.rbenv/versions/2.2.0/lib/ruby/2.2.0/webrick/httpserver.rb:94:in `run'
  /Users/BZhen/.rbenv/versions/2.2.0/lib/ruby/2.2.0/webrick/server.rb:294:in `block in start_thread'


  Rendered /Users/BZhen/.rvm/gems/ruby-2.3.0/gems/actionpack-4.2.4/lib/action_dispatch/middleware/templates/rescues/_source.erb (7.0ms)
  Rendered /Users/BZhen/.rvm/gems/ruby-2.3.0/gems/actionpack-4.2.4/lib/action_dispatch/middleware/templates/rescues/_trace.html.erb (3.2ms)
  Rendered /Users/BZhen/.rvm/gems/ruby-2.3.0/gems/actionpack-4.2.4/lib/action_dispatch/middleware/templates/rescues/_request_and_response.html.erb (1.9ms)
  Rendered /Users/BZhen/.rvm/gems/ruby-2.3.0/gems/actionpack-4.2.4/lib/action_dispatch/middleware/templates/rescues/missing_template.html.erb within rescues/layout (85.9ms)
  Rendered /Users/BZhen/.rvm/gems/ruby-2.3.0/gems/web-console-2.3.0/lib/web_console/templates/_markup.html.erb (0.5ms)
  Rendered /Users/BZhen/.rvm/gems/ruby-2.3.0/gems/web-console-2.3.0/lib/web_console/templates/_inner_console_markup.html.erb within layouts/inlined_string (1.1ms)
  Rendered /Users/BZhen/.rvm/gems/ruby-2.3.0/gems/web-console-2.3.0/lib/web_console/templates/_prompt_box_markup.html.erb within layouts/inlined_string (1.6ms)
  Rendered /Users/BZhen/.rvm/gems/ruby-2.3.0/gems/web-console-2.3.0/lib/web_console/templates/style.css.erb within layouts/inlined_string (0.4ms)
  Rendered /Users/BZhen/.rvm/gems/ruby-2.3.0/gems/web-console-2.3.0/lib/web_console/templates/console.js.erb within layouts/javascript (100.5ms)
  Rendered /Users/BZhen/.rvm/gems/ruby-2.3.0/gems/web-console-2.3.0/lib/web_console/templates/main.js.erb within layouts/javascript (0.3ms)
  Rendered /Users/BZhen/.rvm/gems/ruby-2.3.0/gems/web-console-2.3.0/lib/web_console/templates/error_page.js.erb within layouts/javascript (1.1ms)
  Rendered /Users/BZhen/.rvm/gems/ruby-2.3.0/gems/web-console-2.3.0/lib/web_console/templates/index.html.erb (209.4ms)


Started GET "/posts/new" for ::1 at 2016-04-12 15:20:31 -0700
Processing by PostsController#new as HTML
  Rendered posts/new.html.haml within layouts/application (1.6ms)
Completed 200 OK in 47ms (Views: 46.0ms | ActiveRecord: 0.0ms)


Started GET "/assets/posts.self-e3b0c44298fc1c149afbf4c8996fb92427ae41e4649b934ca495991b7852b855.css?body=1" for ::1 at 2016-04-12 15:20:31 -0700


Started GET "/assets/application.self-e80e8f2318043e8af94dddc2adad5a4f09739a8ebb323b3ab31cd71d45fd9113.css?body=1" for ::1 at 2016-04-12 15:20:31 -0700


Started GET "/assets/jquery.self-660adc51e0224b731d29f575a6f1ec167ba08ad06ed5deca4f1e8654c135bf4c.js?body=1" for ::1 at 2016-04-12 15:20:31 -0700


Started GET "/assets/jquery_ujs.self-e87806d0cf4489aeb1bb7288016024e8de67fd18db693fe026fe3907581e53cd.js?body=1" for ::1 at 2016-04-12 15:20:31 -0700


Started GET "/assets/turbolinks.self-c37727e9bd6b2735da5c311aa83fead54ed0be6cc8bd9a65309e9c5abe2cbfff.js?body=1" for ::1 at 2016-04-12 15:20:31 -0700


Started GET "/assets/application.self-3b8dabdc891efe46b9a144b400ad69e37d7e5876bdc39dee783419a69d7ca819.js?body=1" for ::1 at 2016-04-12 15:20:31 -0700


Started GET "/assets/posts.self-877aef30ae1b040ab8a3aba4e3e309a11d7f2612f44dde450b5c157aa5f95c05.js?body=1" for ::1 at 2016-04-12 15:20:31 -0700


Started GET "/posts/new" for ::1 at 2016-04-12 15:23:53 -0700
Processing by PostsController#new as HTML
  Rendered posts/_form.html.haml (115.5ms)
  Rendered posts/new.html.haml within layouts/application (119.6ms)
Completed 200 OK in 148ms (Views: 146.7ms | ActiveRecord: 0.0ms)


Started GET "/assets/application.self-e80e8f2318043e8af94dddc2adad5a4f09739a8ebb323b3ab31cd71d45fd9113.css?body=1" for ::1 at 2016-04-12 15:23:53 -0700


Started GET "/assets/posts.self-e3b0c44298fc1c149afbf4c8996fb92427ae41e4649b934ca495991b7852b855.css?body=1" for ::1 at 2016-04-12 15:23:53 -0700


Started GET "/assets/jquery.self-660adc51e0224b731d29f575a6f1ec167ba08ad06ed5deca4f1e8654c135bf4c.js?body=1" for ::1 at 2016-04-12 15:23:53 -0700


Started GET "/assets/jquery_ujs.self-e87806d0cf4489aeb1bb7288016024e8de67fd18db693fe026fe3907581e53cd.js?body=1" for ::1 at 2016-04-12 15:23:53 -0700


Started GET "/assets/turbolinks.self-c37727e9bd6b2735da5c311aa83fead54ed0be6cc8bd9a65309e9c5abe2cbfff.js?body=1" for ::1 at 2016-04-12 15:23:53 -0700


Started GET "/assets/posts.self-877aef30ae1b040ab8a3aba4e3e309a11d7f2612f44dde450b5c157aa5f95c05.js?body=1" for ::1 at 2016-04-12 15:23:53 -0700


Started GET "/assets/application.self-3b8dabdc891efe46b9a144b400ad69e37d7e5876bdc39dee783419a69d7ca819.js?body=1" for ::1 at 2016-04-12 15:23:53 -0700


Started POST "/posts" for ::1 at 2016-04-12 15:26:42 -0700
Processing by PostsController#create as HTML
  Parameters: {"utf8"=>"✓", "authenticity_token"=>"29KSjpUoKnWflZx0f580pjDRW3f8G1Xh/YvBhwkDsDaFzDPEl+qWO+PaBmmBJX/thm607oWAj7MhukfAa9U8aw==", "post"=>{"title"=>"First forum post!!", "content"=>"Hammock bushwick keytar, try-hard craft beer yuccie blue bottle pinterest plaid cred. Everyday carry kogi disrupt letterpress marfa vegan, pabst hella food truck asymmetrical polaroid cardigan. 3 wolf moon asymmetrical migas literally, semiotics microdosing fap biodiesel chambray gluten-free sartorial. Normcore forage cardigan cornhole. Semiotics stumptown biodiesel, authentic craft beer occupy literally poutine austin tumblr chillwave single-origin coffee bushwick marfa. Cred flexitarian before they sold out kogi four loko readymade, hashtag schlitz 8-bit deep v YOLO fingerstache quinoa helvetica. Heirloom cronut literally portland kombucha.\r\n\r\nActually authentic next level fixie, DIY flexitarian bespoke street art dreamcatcher before they sold out keytar. Church-key wayfarers cronut lomo, XOXO kale chips single-origin coffee chillwave. Kogi portland sustainable vice, street art cred blue bottle everyday carry drinking vinegar bespoke iPhone. Banjo fixie XOXO, cold-pressed thundercats vice kickstarter tilde pug helvetica cardigan four dollar toast biodiesel meggings tacos. Deep v irony swag, trust fund kogi meditation food truck forage wayfarers 8-bit shabby chic. Occupy gochujang bicycle rights, flexitarian swag fixie chambray cornhole deep v shoreditch authentic thundercats mlkshk mixtape gentrify. Skateboard you probably haven't heard of them 90's, typewriter single-origin coffee PBR&B banh mi tilde fanny pack polaroid.\r\n\r\nLo-fi squid ugh cliche put a bird on it, narwhal bespoke chia hammock pug helvetica listicle flannel organic. Lomo letterpress jean shorts umami, PBR&B gastropub everyday carry chartreuse tofu beard small batch brunch portland food truck keytar. Tattooed gentrify godard, chartreuse truffaut organic meggings scenester sriracha banjo gluten-free butcher cred pop-up man bun. Artisan swag chillwave, plaid forage deep v retro YOLO intelligentsia. Pop-up chillwave tousled, cardigan 90's cold-pressed YOLO keytar fap dreamcatcher. Paleo photo booth pickled celiac, viral gluten-free intelligentsia man braid deep v hella cred polaroid. Blog venmo waistcoat kickstarter wolf pour-over meggings YOLO, fingerstache cronut.\r\n\r\nPBR&B cardigan ugh wayfarers, lomo forage viral flannel aesthetic portland. Tilde ramps cronut man braid 90's tote bag, chambray listicle irony butcher pinterest migas marfa narwhal try-hard. Celiac selvage shabby chic biodiesel. Offal twee before they sold out deep v quinoa fashion axe. Irony literally gluten-free cronut, farm-to-table retro salvia taxidermy pork belly aesthetic ramps post-ironic. Locavore irony lo-fi, aesthetic cold-pressed seitan 90's fixie whatever heirloom tote bag. Gluten-free vegan roof party disrupt.\r\nOh. You need a little dummy text for your mockup? How quaint.\r\n\r\nI bet you’re still using Bootstrap too…"}, "commit"=>"Create Post"}
  [1m[35m (0.1ms)[0m  begin transaction
  [1m[36mSQL (1.2ms)[0m  [1mINSERT INTO "posts" ("title", "content", "created_at", "updated_at") VALUES (?, ?, ?, ?)[0m  [["title", "First forum post!!"], ["content", "Hammock bushwick keytar, try-hard craft beer yuccie blue bottle pinterest plaid cred. Everyday carry kogi disrupt letterpress marfa vegan, pabst hella food truck asymmetrical polaroid cardigan. 3 wolf moon asymmetrical migas literally, semiotics microdosing fap biodiesel chambray gluten-free sartorial. Normcore forage cardigan cornhole. Semiotics stumptown biodiesel, authentic craft beer occupy literally poutine austin tumblr chillwave single-origin coffee bushwick marfa. Cred flexitarian before they sold out kogi four loko readymade, hashtag schlitz 8-bit deep v YOLO fingerstache quinoa helvetica. Heirloom cronut literally portland kombucha.\r\n\r\nActually authentic next level fixie, DIY flexitarian bespoke street art dreamcatcher before they sold out keytar. Church-key wayfarers cronut lomo, XOXO kale chips single-origin coffee chillwave. Kogi portland sustainable vice, street art cred blue bottle everyday carry drinking vinegar bespoke iPhone. Banjo fixie XOXO, cold-pressed thundercats vice kickstarter tilde pug helvetica cardigan four dollar toast biodiesel meggings tacos. Deep v irony swag, trust fund kogi meditation food truck forage wayfarers 8-bit shabby chic. Occupy gochujang bicycle rights, flexitarian swag fixie chambray cornhole deep v shoreditch authentic thundercats mlkshk mixtape gentrify. Skateboard you probably haven't heard of them 90's, typewriter single-origin coffee PBR&B banh mi tilde fanny pack polaroid.\r\n\r\nLo-fi squid ugh cliche put a bird on it, narwhal bespoke chia hammock pug helvetica listicle flannel organic. Lomo letterpress jean shorts umami, PBR&B gastropub everyday carry chartreuse tofu beard small batch brunch portland food truck keytar. Tattooed gentrify godard, chartreuse truffaut organic meggings scenester sriracha banjo gluten-free butcher cred pop-up man bun. Artisan swag chillwave, plaid forage deep v retro YOLO intelligentsia. Pop-up chillwave tousled, cardigan 90's cold-pressed YOLO keytar fap dreamcatcher. Paleo photo booth pickled celiac, viral gluten-free intelligentsia man braid deep v hella cred polaroid. Blog venmo waistcoat kickstarter wolf pour-over meggings YOLO, fingerstache cronut.\r\n\r\nPBR&B cardigan ugh wayfarers, lomo forage viral flannel aesthetic portland. Tilde ramps cronut man braid 90's tote bag, chambray listicle irony butcher pinterest migas marfa narwhal try-hard. Celiac selvage shabby chic biodiesel. Offal twee before they sold out deep v quinoa fashion axe. Irony literally gluten-free cronut, farm-to-table retro salvia taxidermy pork belly aesthetic ramps post-ironic. Locavore irony lo-fi, aesthetic cold-pressed seitan 90's fixie whatever heirloom tote bag. Gluten-free vegan roof party disrupt.\r\nOh. You need a little dummy text for your mockup? How quaint.\r\n\r\nI bet you’re still using Bootstrap too…"], ["created_at", "2016-04-12 22:26:42.772478"], ["updated_at", "2016-04-12 22:26:42.772478"]]
  [1m[35m (1.4ms)[0m  commit transaction
Redirected to http://localhost:3000/posts/1
Completed 302 Found in 17ms (ActiveRecord: 3.2ms)


Started GET "/posts/1" for ::1 at 2016-04-12 15:26:42 -0700

AbstractController::ActionNotFound (The action 'show' could not be found for PostsController):
  actionpack (4.2.4) lib/abstract_controller/base.rb:132:in `process'
  actionview (4.2.4) lib/action_view/rendering.rb:30:in `process'
  actionpack (4.2.4) lib/action_controller/metal.rb:196:in `dispatch'
  actionpack (4.2.4) lib/action_controller/metal/rack_delegation.rb:13:in `dispatch'
  actionpack (4.2.4) lib/action_controller/metal.rb:237:in `block in action'
  actionpack (4.2.4) lib/action_dispatch/routing/route_set.rb:76:in `call'
  actionpack (4.2.4) lib/action_dispatch/routing/route_set.rb:76:in `dispatch'
  actionpack (4.2.4) lib/action_dispatch/routing/route_set.rb:45:in `serve'
  actionpack (4.2.4) lib/action_dispatch/journey/router.rb:43:in `block in serve'
  actionpack (4.2.4) lib/action_dispatch/journey/router.rb:30:in `each'
  actionpack (4.2.4) lib/action_dispatch/journey/router.rb:30:in `serve'
  actionpack (4.2.4) lib/action_dispatch/routing/route_set.rb:821:in `call'
  warden (1.2.6) lib/warden/manager.rb:35:in `block in call'
  warden (1.2.6) lib/warden/manager.rb:34:in `catch'
  warden (1.2.6) lib/warden/manager.rb:34:in `call'
  rack (1.6.4) lib/rack/etag.rb:24:in `call'
  rack (1.6.4) lib/rack/conditionalget.rb:25:in `call'
  rack (1.6.4) lib/rack/head.rb:13:in `call'
  actionpack (4.2.4) lib/action_dispatch/middleware/params_parser.rb:27:in `call'
  actionpack (4.2.4) lib/action_dispatch/middleware/flash.rb:260:in `call'
  rack (1.6.4) lib/rack/session/abstract/id.rb:225:in `context'
  rack (1.6.4) lib/rack/session/abstract/id.rb:220:in `call'
  actionpack (4.2.4) lib/action_dispatch/middleware/cookies.rb:560:in `call'
  activerecord (4.2.4) lib/active_record/query_cache.rb:36:in `call'
  activerecord (4.2.4) lib/active_record/connection_adapters/abstract/connection_pool.rb:653:in `call'
  activerecord (4.2.4) lib/active_record/migration.rb:377:in `call'
  actionpack (4.2.4) lib/action_dispatch/middleware/callbacks.rb:29:in `block in call'
  activesupport (4.2.4) lib/active_support/callbacks.rb:88:in `__run_callbacks__'
  activesupport (4.2.4) lib/active_support/callbacks.rb:778:in `_run_call_callbacks'
  activesupport (4.2.4) lib/active_support/callbacks.rb:81:in `run_callbacks'
  actionpack (4.2.4) lib/action_dispatch/middleware/callbacks.rb:27:in `call'
  actionpack (4.2.4) lib/action_dispatch/middleware/reloader.rb:73:in `call'
  actionpack (4.2.4) lib/action_dispatch/middleware/remote_ip.rb:78:in `call'
  actionpack (4.2.4) lib/action_dispatch/middleware/debug_exceptions.rb:17:in `call'
  web-console (2.3.0) lib/web_console/middleware.rb:28:in `block in call'
  web-console (2.3.0) lib/web_console/middleware.rb:18:in `catch'
  web-console (2.3.0) lib/web_console/middleware.rb:18:in `call'
  actionpack (4.2.4) lib/action_dispatch/middleware/show_exceptions.rb:30:in `call'
  railties (4.2.4) lib/rails/rack/logger.rb:38:in `call_app'
  railties (4.2.4) lib/rails/rack/logger.rb:20:in `block in call'
  activesupport (4.2.4) lib/active_support/tagged_logging.rb:68:in `block in tagged'
  activesupport (4.2.4) lib/active_support/tagged_logging.rb:26:in `tagged'
  activesupport (4.2.4) lib/active_support/tagged_logging.rb:68:in `tagged'
  railties (4.2.4) lib/rails/rack/logger.rb:20:in `call'
  actionpack (4.2.4) lib/action_dispatch/middleware/request_id.rb:21:in `call'
  rack (1.6.4) lib/rack/methodoverride.rb:22:in `call'
  rack (1.6.4) lib/rack/runtime.rb:18:in `call'
  activesupport (4.2.4) lib/active_support/cache/strategy/local_cache_middleware.rb:28:in `call'
  rack (1.6.4) lib/rack/lock.rb:17:in `call'
  actionpack (4.2.4) lib/action_dispatch/middleware/static.rb:116:in `call'
  rack (1.6.4) lib/rack/sendfile.rb:113:in `call'
  railties (4.2.4) lib/rails/engine.rb:518:in `call'
  railties (4.2.4) lib/rails/application.rb:165:in `call'
  rack (1.6.4) lib/rack/lock.rb:17:in `call'
  rack (1.6.4) lib/rack/content_length.rb:15:in `call'
  rack (1.6.4) lib/rack/handler/webrick.rb:88:in `service'
  /Users/BZhen/.rbenv/versions/2.2.0/lib/ruby/2.2.0/webrick/httpserver.rb:138:in `service'
  /Users/BZhen/.rbenv/versions/2.2.0/lib/ruby/2.2.0/webrick/httpserver.rb:94:in `run'
  /Users/BZhen/.rbenv/versions/2.2.0/lib/ruby/2.2.0/webrick/server.rb:294:in `block in start_thread'


  Rendered /Users/BZhen/.rvm/gems/ruby-2.3.0/gems/actionpack-4.2.4/lib/action_dispatch/middleware/templates/rescues/unknown_action.html.erb within rescues/layout (0.6ms)
  Rendered /Users/BZhen/.rvm/gems/ruby-2.3.0/gems/web-console-2.3.0/lib/web_console/templates/_markup.html.erb (0.5ms)
  Rendered /Users/BZhen/.rvm/gems/ruby-2.3.0/gems/web-console-2.3.0/lib/web_console/templates/_inner_console_markup.html.erb within layouts/inlined_string (0.7ms)
  Rendered /Users/BZhen/.rvm/gems/ruby-2.3.0/gems/web-console-2.3.0/lib/web_console/templates/_prompt_box_markup.html.erb within layouts/inlined_string (0.4ms)
  Rendered /Users/BZhen/.rvm/gems/ruby-2.3.0/gems/web-console-2.3.0/lib/web_console/templates/style.css.erb within layouts/inlined_string (0.6ms)
  Rendered /Users/BZhen/.rvm/gems/ruby-2.3.0/gems/web-console-2.3.0/lib/web_console/templates/console.js.erb within layouts/javascript (69.7ms)
  Rendered /Users/BZhen/.rvm/gems/ruby-2.3.0/gems/web-console-2.3.0/lib/web_console/templates/main.js.erb within layouts/javascript (0.4ms)
  Rendered /Users/BZhen/.rvm/gems/ruby-2.3.0/gems/web-console-2.3.0/lib/web_console/templates/error_page.js.erb within layouts/javascript (0.4ms)
  Rendered /Users/BZhen/.rvm/gems/ruby-2.3.0/gems/web-console-2.3.0/lib/web_console/templates/index.html.erb (143.6ms)


Started GET "/posts/1" for ::1 at 2016-04-12 15:28:06 -0700
Processing by PostsController#show as HTML
  Parameters: {"id"=>"1"}
  [1m[36mPost Load (0.2ms)[0m  [1mSELECT  "posts".* FROM "posts" WHERE "posts"."id" = ? LIMIT 1[0m  [["id", 1]]
Completed 500 Internal Server Error in 36ms (ActiveRecord: 0.9ms)

ActionView::MissingTemplate (Missing template posts/show, application/show with {:locale=>[:en], :formats=>[:html], :variants=>[], :handlers=>[:erb, :builder, :raw, :ruby, :coffee, :haml, :jbuilder]}. Searched in:
  * "/Users/BZhen/Desktop/forum/forum/app/views"
  * "/Users/BZhen/.rvm/gems/ruby-2.3.0/gems/devise-3.5.6/app/views"
):
  actionview (4.2.4) lib/action_view/path_set.rb:46:in `find'
  actionview (4.2.4) lib/action_view/lookup_context.rb:121:in `find'
  actionview (4.2.4) lib/action_view/renderer/abstract_renderer.rb:18:in `find_template'
  actionview (4.2.4) lib/action_view/renderer/template_renderer.rb:40:in `determine_template'
  actionview (4.2.4) lib/action_view/renderer/template_renderer.rb:8:in `render'
  actionview (4.2.4) lib/action_view/renderer/renderer.rb:42:in `render_template'
  actionview (4.2.4) lib/action_view/renderer/renderer.rb:23:in `render'
  actionview (4.2.4) lib/action_view/rendering.rb:100:in `_render_template'
  actionpack (4.2.4) lib/action_controller/metal/streaming.rb:217:in `_render_template'
  actionview (4.2.4) lib/action_view/rendering.rb:83:in `render_to_body'
  actionpack (4.2.4) lib/action_controller/metal/rendering.rb:32:in `render_to_body'
  actionpack (4.2.4) lib/action_controller/metal/renderers.rb:37:in `render_to_body'
  actionpack (4.2.4) lib/abstract_controller/rendering.rb:25:in `render'
  actionpack (4.2.4) lib/action_controller/metal/rendering.rb:16:in `render'
  actionpack (4.2.4) lib/action_controller/metal/instrumentation.rb:44:in `block (2 levels) in render'
  activesupport (4.2.4) lib/active_support/core_ext/benchmark.rb:12:in `block in ms'
  /Users/BZhen/.rbenv/versions/2.2.0/lib/ruby/2.2.0/benchmark.rb:303:in `realtime'
  activesupport (4.2.4) lib/active_support/core_ext/benchmark.rb:12:in `ms'
  actionpack (4.2.4) lib/action_controller/metal/instrumentation.rb:44:in `block in render'
  actionpack (4.2.4) lib/action_controller/metal/instrumentation.rb:87:in `cleanup_view_runtime'
  activerecord (4.2.4) lib/active_record/railties/controller_runtime.rb:25:in `cleanup_view_runtime'
  actionpack (4.2.4) lib/action_controller/metal/instrumentation.rb:43:in `render'
  actionpack (4.2.4) lib/action_controller/metal/implicit_render.rb:10:in `default_render'
  actionpack (4.2.4) lib/action_controller/metal/implicit_render.rb:5:in `send_action'
  actionpack (4.2.4) lib/abstract_controller/base.rb:198:in `process_action'
  actionpack (4.2.4) lib/action_controller/metal/rendering.rb:10:in `process_action'
  actionpack (4.2.4) lib/abstract_controller/callbacks.rb:20:in `block in process_action'
  activesupport (4.2.4) lib/active_support/callbacks.rb:117:in `call'
  activesupport (4.2.4) lib/active_support/callbacks.rb:117:in `call'
  activesupport (4.2.4) lib/active_support/callbacks.rb:555:in `block (2 levels) in compile'
  activesupport (4.2.4) lib/active_support/callbacks.rb:505:in `call'
  activesupport (4.2.4) lib/active_support/callbacks.rb:505:in `call'
  activesupport (4.2.4) lib/active_support/callbacks.rb:92:in `__run_callbacks__'
  activesupport (4.2.4) lib/active_support/callbacks.rb:778:in `_run_process_action_callbacks'
  activesupport (4.2.4) lib/active_support/callbacks.rb:81:in `run_callbacks'
  actionpack (4.2.4) lib/abstract_controller/callbacks.rb:19:in `process_action'
  actionpack (4.2.4) lib/action_controller/metal/rescue.rb:29:in `process_action'
  actionpack (4.2.4) lib/action_controller/metal/instrumentation.rb:32:in `block in process_action'
  activesupport (4.2.4) lib/active_support/notifications.rb:164:in `block in instrument'
  activesupport (4.2.4) lib/active_support/notifications/instrumenter.rb:20:in `instrument'
  activesupport (4.2.4) lib/active_support/notifications.rb:164:in `instrument'
  actionpack (4.2.4) lib/action_controller/metal/instrumentation.rb:30:in `process_action'
  actionpack (4.2.4) lib/action_controller/metal/params_wrapper.rb:250:in `process_action'
  activerecord (4.2.4) lib/active_record/railties/controller_runtime.rb:18:in `process_action'
  actionpack (4.2.4) lib/abstract_controller/base.rb:137:in `process'
  actionview (4.2.4) lib/action_view/rendering.rb:30:in `process'
  actionpack (4.2.4) lib/action_controller/metal.rb:196:in `dispatch'
  actionpack (4.2.4) lib/action_controller/metal/rack_delegation.rb:13:in `dispatch'
  actionpack (4.2.4) lib/action_controller/metal.rb:237:in `block in action'
  actionpack (4.2.4) lib/action_dispatch/routing/route_set.rb:76:in `call'
  actionpack (4.2.4) lib/action_dispatch/routing/route_set.rb:76:in `dispatch'
  actionpack (4.2.4) lib/action_dispatch/routing/route_set.rb:45:in `serve'
  actionpack (4.2.4) lib/action_dispatch/journey/router.rb:43:in `block in serve'
  actionpack (4.2.4) lib/action_dispatch/journey/router.rb:30:in `each'
  actionpack (4.2.4) lib/action_dispatch/journey/router.rb:30:in `serve'
  actionpack (4.2.4) lib/action_dispatch/routing/route_set.rb:821:in `call'
  warden (1.2.6) lib/warden/manager.rb:35:in `block in call'
  warden (1.2.6) lib/warden/manager.rb:34:in `catch'
  warden (1.2.6) lib/warden/manager.rb:34:in `call'
  rack (1.6.4) lib/rack/etag.rb:24:in `call'
  rack (1.6.4) lib/rack/conditionalget.rb:25:in `call'
  rack (1.6.4) lib/rack/head.rb:13:in `call'
  actionpack (4.2.4) lib/action_dispatch/middleware/params_parser.rb:27:in `call'
  actionpack (4.2.4) lib/action_dispatch/middleware/flash.rb:260:in `call'
  rack (1.6.4) lib/rack/session/abstract/id.rb:225:in `context'
  rack (1.6.4) lib/rack/session/abstract/id.rb:220:in `call'
  actionpack (4.2.4) lib/action_dispatch/middleware/cookies.rb:560:in `call'
  activerecord (4.2.4) lib/active_record/query_cache.rb:36:in `call'
  activerecord (4.2.4) lib/active_record/connection_adapters/abstract/connection_pool.rb:653:in `call'
  activerecord (4.2.4) lib/active_record/migration.rb:377:in `call'
  actionpack (4.2.4) lib/action_dispatch/middleware/callbacks.rb:29:in `block in call'
  activesupport (4.2.4) lib/active_support/callbacks.rb:88:in `__run_callbacks__'
  activesupport (4.2.4) lib/active_support/callbacks.rb:778:in `_run_call_callbacks'
  activesupport (4.2.4) lib/active_support/callbacks.rb:81:in `run_callbacks'
  actionpack (4.2.4) lib/action_dispatch/middleware/callbacks.rb:27:in `call'
  actionpack (4.2.4) lib/action_dispatch/middleware/reloader.rb:73:in `call'
  actionpack (4.2.4) lib/action_dispatch/middleware/remote_ip.rb:78:in `call'
  actionpack (4.2.4) lib/action_dispatch/middleware/debug_exceptions.rb:17:in `call'
  web-console (2.3.0) lib/web_console/middleware.rb:28:in `block in call'
  web-console (2.3.0) lib/web_console/middleware.rb:18:in `catch'
  web-console (2.3.0) lib/web_console/middleware.rb:18:in `call'
  actionpack (4.2.4) lib/action_dispatch/middleware/show_exceptions.rb:30:in `call'
  railties (4.2.4) lib/rails/rack/logger.rb:38:in `call_app'
  railties (4.2.4) lib/rails/rack/logger.rb:20:in `block in call'
  activesupport (4.2.4) lib/active_support/tagged_logging.rb:68:in `block in tagged'
  activesupport (4.2.4) lib/active_support/tagged_logging.rb:26:in `tagged'
  activesupport (4.2.4) lib/active_support/tagged_logging.rb:68:in `tagged'
  railties (4.2.4) lib/rails/rack/logger.rb:20:in `call'
  actionpack (4.2.4) lib/action_dispatch/middleware/request_id.rb:21:in `call'
  rack (1.6.4) lib/rack/methodoverride.rb:22:in `call'
  rack (1.6.4) lib/rack/runtime.rb:18:in `call'
  activesupport (4.2.4) lib/active_support/cache/strategy/local_cache_middleware.rb:28:in `call'
  rack (1.6.4) lib/rack/lock.rb:17:in `call'
  actionpack (4.2.4) lib/action_dispatch/middleware/static.rb:116:in `call'
  rack (1.6.4) lib/rack/sendfile.rb:113:in `call'
  railties (4.2.4) lib/rails/engine.rb:518:in `call'
  railties (4.2.4) lib/rails/application.rb:165:in `call'
  rack (1.6.4) lib/rack/lock.rb:17:in `call'
  rack (1.6.4) lib/rack/content_length.rb:15:in `call'
  rack (1.6.4) lib/rack/handler/webrick.rb:88:in `service'
  /Users/BZhen/.rbenv/versions/2.2.0/lib/ruby/2.2.0/webrick/httpserver.rb:138:in `service'
  /Users/BZhen/.rbenv/versions/2.2.0/lib/ruby/2.2.0/webrick/httpserver.rb:94:in `run'
  /Users/BZhen/.rbenv/versions/2.2.0/lib/ruby/2.2.0/webrick/server.rb:294:in `block in start_thread'


  Rendered /Users/BZhen/.rvm/gems/ruby-2.3.0/gems/actionpack-4.2.4/lib/action_dispatch/middleware/templates/rescues/_source.erb (9.2ms)
  Rendered /Users/BZhen/.rvm/gems/ruby-2.3.0/gems/actionpack-4.2.4/lib/action_dispatch/middleware/templates/rescues/_trace.html.erb (4.2ms)
  Rendered /Users/BZhen/.rvm/gems/ruby-2.3.0/gems/actionpack-4.2.4/lib/action_dispatch/middleware/templates/rescues/_request_and_response.html.erb (1.7ms)
  Rendered /Users/BZhen/.rvm/gems/ruby-2.3.0/gems/actionpack-4.2.4/lib/action_dispatch/middleware/templates/rescues/missing_template.html.erb within rescues/layout (84.2ms)
  Rendered /Users/BZhen/.rvm/gems/ruby-2.3.0/gems/web-console-2.3.0/lib/web_console/templates/_markup.html.erb (0.5ms)
  Rendered /Users/BZhen/.rvm/gems/ruby-2.3.0/gems/web-console-2.3.0/lib/web_console/templates/_inner_console_markup.html.erb within layouts/inlined_string (0.4ms)
  Rendered /Users/BZhen/.rvm/gems/ruby-2.3.0/gems/web-console-2.3.0/lib/web_console/templates/_prompt_box_markup.html.erb within layouts/inlined_string (0.4ms)
  Rendered /Users/BZhen/.rvm/gems/ruby-2.3.0/gems/web-console-2.3.0/lib/web_console/templates/style.css.erb within layouts/inlined_string (0.4ms)
  Rendered /Users/BZhen/.rvm/gems/ruby-2.3.0/gems/web-console-2.3.0/lib/web_console/templates/console.js.erb within layouts/javascript (59.6ms)
  Rendered /Users/BZhen/.rvm/gems/ruby-2.3.0/gems/web-console-2.3.0/lib/web_console/templates/main.js.erb within layouts/javascript (0.7ms)
  Rendered /Users/BZhen/.rvm/gems/ruby-2.3.0/gems/web-console-2.3.0/lib/web_console/templates/error_page.js.erb within layouts/javascript (0.5ms)
  Rendered /Users/BZhen/.rvm/gems/ruby-2.3.0/gems/web-console-2.3.0/lib/web_console/templates/index.html.erb (136.1ms)


Started GET "/posts/1" for ::1 at 2016-04-12 15:29:19 -0700
Processing by PostsController#show as HTML
  Parameters: {"id"=>"1"}
  [1m[35mPost Load (0.1ms)[0m  SELECT  "posts".* FROM "posts" WHERE "posts"."id" = ? LIMIT 1  [["id", 1]]
  Rendered posts/show.html.haml within layouts/application (2.4ms)
Completed 500 Internal Server Error in 17ms (ActiveRecord: 0.1ms)

ActionView::Template::Error (Indenting at the beginning of the document is illegal.):
    1:  %h1= @post.title
    2:  %p= @post.content
  app/views/posts/show.html.haml:1


  Rendered /Users/BZhen/.rvm/gems/ruby-2.3.0/gems/actionpack-4.2.4/lib/action_dispatch/middleware/templates/rescues/_source.erb (7.2ms)
  Rendered /Users/BZhen/.rvm/gems/ruby-2.3.0/gems/actionpack-4.2.4/lib/action_dispatch/middleware/templates/rescues/_trace.html.erb (3.0ms)
  Rendered /Users/BZhen/.rvm/gems/ruby-2.3.0/gems/actionpack-4.2.4/lib/action_dispatch/middleware/templates/rescues/_request_and_response.html.erb (0.9ms)
  Rendered /Users/BZhen/.rvm/gems/ruby-2.3.0/gems/actionpack-4.2.4/lib/action_dispatch/middleware/templates/rescues/template_error.html.erb within rescues/layout (66.5ms)
  Rendered /Users/BZhen/.rvm/gems/ruby-2.3.0/gems/web-console-2.3.0/lib/web_console/templates/_markup.html.erb (0.5ms)
  Rendered /Users/BZhen/.rvm/gems/ruby-2.3.0/gems/web-console-2.3.0/lib/web_console/templates/_inner_console_markup.html.erb within layouts/inlined_string (0.3ms)
  Rendered /Users/BZhen/.rvm/gems/ruby-2.3.0/gems/web-console-2.3.0/lib/web_console/templates/_prompt_box_markup.html.erb within layouts/inlined_string (0.3ms)
  Rendered /Users/BZhen/.rvm/gems/ruby-2.3.0/gems/web-console-2.3.0/lib/web_console/templates/style.css.erb within layouts/inlined_string (0.4ms)
  Rendered /Users/BZhen/.rvm/gems/ruby-2.3.0/gems/web-console-2.3.0/lib/web_console/templates/console.js.erb within layouts/javascript (50.6ms)
  Rendered /Users/BZhen/.rvm/gems/ruby-2.3.0/gems/web-console-2.3.0/lib/web_console/templates/main.js.erb within layouts/javascript (0.3ms)
  Rendered /Users/BZhen/.rvm/gems/ruby-2.3.0/gems/web-console-2.3.0/lib/web_console/templates/error_page.js.erb within layouts/javascript (0.4ms)
  Rendered /Users/BZhen/.rvm/gems/ruby-2.3.0/gems/web-console-2.3.0/lib/web_console/templates/index.html.erb (117.1ms)


Started GET "/posts/1" for ::1 at 2016-04-12 15:30:13 -0700
Processing by PostsController#show as HTML
  Parameters: {"id"=>"1"}
  [1m[36mPost Load (0.1ms)[0m  [1mSELECT  "posts".* FROM "posts" WHERE "posts"."id" = ? LIMIT 1[0m  [["id", 1]]
  Rendered posts/show.html.haml within layouts/application (1.6ms)
Completed 200 OK in 32ms (Views: 31.0ms | ActiveRecord: 0.1ms)


Started GET "/assets/posts.self-e3b0c44298fc1c149afbf4c8996fb92427ae41e4649b934ca495991b7852b855.css?body=1" for ::1 at 2016-04-12 15:30:14 -0700


Started GET "/assets/application.self-e80e8f2318043e8af94dddc2adad5a4f09739a8ebb323b3ab31cd71d45fd9113.css?body=1" for ::1 at 2016-04-12 15:30:14 -0700


Started GET "/assets/jquery_ujs.self-e87806d0cf4489aeb1bb7288016024e8de67fd18db693fe026fe3907581e53cd.js?body=1" for ::1 at 2016-04-12 15:30:14 -0700


Started GET "/assets/jquery.self-660adc51e0224b731d29f575a6f1ec167ba08ad06ed5deca4f1e8654c135bf4c.js?body=1" for ::1 at 2016-04-12 15:30:14 -0700


Started GET "/assets/posts.self-877aef30ae1b040ab8a3aba4e3e309a11d7f2612f44dde450b5c157aa5f95c05.js?body=1" for ::1 at 2016-04-12 15:30:14 -0700


Started GET "/assets/application.self-3b8dabdc891efe46b9a144b400ad69e37d7e5876bdc39dee783419a69d7ca819.js?body=1" for ::1 at 2016-04-12 15:30:14 -0700


Started GET "/assets/turbolinks.self-c37727e9bd6b2735da5c311aa83fead54ed0be6cc8bd9a65309e9c5abe2cbfff.js?body=1" for ::1 at 2016-04-12 15:30:14 -0700


Started GET "/posts/1" for ::1 at 2016-04-12 15:39:55 -0700
Processing by PostsController#show as HTML
  Parameters: {"id"=>"1"}
  [1m[35mPost Load (0.1ms)[0m  SELECT  "posts".* FROM "posts" WHERE "posts"."id" = ? LIMIT 1  [["id", 1]]
  Rendered posts/show.html.haml within layouts/application (2.9ms)
Completed 200 OK in 35ms (Views: 28.4ms | ActiveRecord: 0.7ms)


Started GET "/assets/jquery.self-660adc51e0224b731d29f575a6f1ec167ba08ad06ed5deca4f1e8654c135bf4c.js?body=1" for ::1 at 2016-04-12 15:39:55 -0700


Started GET "/assets/application.self-e80e8f2318043e8af94dddc2adad5a4f09739a8ebb323b3ab31cd71d45fd9113.css?body=1" for ::1 at 2016-04-12 15:39:55 -0700


Started GET "/assets/posts.self-e3b0c44298fc1c149afbf4c8996fb92427ae41e4649b934ca495991b7852b855.css?body=1" for ::1 at 2016-04-12 15:39:55 -0700


Started GET "/assets/jquery_ujs.self-e87806d0cf4489aeb1bb7288016024e8de67fd18db693fe026fe3907581e53cd.js?body=1" for ::1 at 2016-04-12 15:39:55 -0700


Started GET "/assets/turbolinks.self-c37727e9bd6b2735da5c311aa83fead54ed0be6cc8bd9a65309e9c5abe2cbfff.js?body=1" for ::1 at 2016-04-12 15:39:55 -0700


Started GET "/assets/application.self-3b8dabdc891efe46b9a144b400ad69e37d7e5876bdc39dee783419a69d7ca819.js?body=1" for ::1 at 2016-04-12 15:39:55 -0700


Started GET "/assets/posts.self-877aef30ae1b040ab8a3aba4e3e309a11d7f2612f44dde450b5c157aa5f95c05.js?body=1" for ::1 at 2016-04-12 15:39:55 -0700


Started GET "/posts/1/edit" for ::1 at 2016-04-12 15:40:06 -0700
Processing by PostsController#edit as HTML
  Parameters: {"id"=>"1"}
  [1m[36mPost Load (0.1ms)[0m  [1mSELECT  "posts".* FROM "posts" WHERE "posts"."id" = ? LIMIT 1[0m  [["id", 1]]
Completed 500 Internal Server Error in 9ms (ActiveRecord: 0.1ms)

ActionView::MissingTemplate (Missing template posts/edit, application/edit with {:locale=>[:en], :formats=>[:html, :xml], :variants=>[], :handlers=>[:erb, :builder, :raw, :ruby, :coffee, :haml, :jbuilder]}. Searched in:
  * "/Users/BZhen/Desktop/forum/forum/app/views"
  * "/Users/BZhen/.rvm/gems/ruby-2.3.0/gems/devise-3.5.6/app/views"
):
  actionview (4.2.4) lib/action_view/path_set.rb:46:in `find'
  actionview (4.2.4) lib/action_view/lookup_context.rb:121:in `find'
  actionview (4.2.4) lib/action_view/renderer/abstract_renderer.rb:18:in `find_template'
  actionview (4.2.4) lib/action_view/renderer/template_renderer.rb:40:in `determine_template'
  actionview (4.2.4) lib/action_view/renderer/template_renderer.rb:8:in `render'
  actionview (4.2.4) lib/action_view/renderer/renderer.rb:42:in `render_template'
  actionview (4.2.4) lib/action_view/renderer/renderer.rb:23:in `render'
  actionview (4.2.4) lib/action_view/rendering.rb:100:in `_render_template'
  actionpack (4.2.4) lib/action_controller/metal/streaming.rb:217:in `_render_template'
  actionview (4.2.4) lib/action_view/rendering.rb:83:in `render_to_body'
  actionpack (4.2.4) lib/action_controller/metal/rendering.rb:32:in `render_to_body'
  actionpack (4.2.4) lib/action_controller/metal/renderers.rb:37:in `render_to_body'
  actionpack (4.2.4) lib/abstract_controller/rendering.rb:25:in `render'
  actionpack (4.2.4) lib/action_controller/metal/rendering.rb:16:in `render'
  actionpack (4.2.4) lib/action_controller/metal/instrumentation.rb:44:in `block (2 levels) in render'
  activesupport (4.2.4) lib/active_support/core_ext/benchmark.rb:12:in `block in ms'
  /Users/BZhen/.rbenv/versions/2.2.0/lib/ruby/2.2.0/benchmark.rb:303:in `realtime'
  activesupport (4.2.4) lib/active_support/core_ext/benchmark.rb:12:in `ms'
  actionpack (4.2.4) lib/action_controller/metal/instrumentation.rb:44:in `block in render'
  actionpack (4.2.4) lib/action_controller/metal/instrumentation.rb:87:in `cleanup_view_runtime'
  activerecord (4.2.4) lib/active_record/railties/controller_runtime.rb:25:in `cleanup_view_runtime'
  actionpack (4.2.4) lib/action_controller/metal/instrumentation.rb:43:in `render'
  actionpack (4.2.4) lib/action_controller/metal/implicit_render.rb:10:in `default_render'
  actionpack (4.2.4) lib/action_controller/metal/implicit_render.rb:5:in `send_action'
  actionpack (4.2.4) lib/abstract_controller/base.rb:198:in `process_action'
  actionpack (4.2.4) lib/action_controller/metal/rendering.rb:10:in `process_action'
  actionpack (4.2.4) lib/abstract_controller/callbacks.rb:20:in `block in process_action'
  activesupport (4.2.4) lib/active_support/callbacks.rb:117:in `call'
  activesupport (4.2.4) lib/active_support/callbacks.rb:117:in `call'
  activesupport (4.2.4) lib/active_support/callbacks.rb:555:in `block (2 levels) in compile'
  activesupport (4.2.4) lib/active_support/callbacks.rb:505:in `call'
  activesupport (4.2.4) lib/active_support/callbacks.rb:505:in `call'
  activesupport (4.2.4) lib/active_support/callbacks.rb:92:in `__run_callbacks__'
  activesupport (4.2.4) lib/active_support/callbacks.rb:778:in `_run_process_action_callbacks'
  activesupport (4.2.4) lib/active_support/callbacks.rb:81:in `run_callbacks'
  actionpack (4.2.4) lib/abstract_controller/callbacks.rb:19:in `process_action'
  actionpack (4.2.4) lib/action_controller/metal/rescue.rb:29:in `process_action'
  actionpack (4.2.4) lib/action_controller/metal/instrumentation.rb:32:in `block in process_action'
  activesupport (4.2.4) lib/active_support/notifications.rb:164:in `block in instrument'
  activesupport (4.2.4) lib/active_support/notifications/instrumenter.rb:20:in `instrument'
  activesupport (4.2.4) lib/active_support/notifications.rb:164:in `instrument'
  actionpack (4.2.4) lib/action_controller/metal/instrumentation.rb:30:in `process_action'
  actionpack (4.2.4) lib/action_controller/metal/params_wrapper.rb:250:in `process_action'
  activerecord (4.2.4) lib/active_record/railties/controller_runtime.rb:18:in `process_action'
  actionpack (4.2.4) lib/abstract_controller/base.rb:137:in `process'
  actionview (4.2.4) lib/action_view/rendering.rb:30:in `process'
  actionpack (4.2.4) lib/action_controller/metal.rb:196:in `dispatch'
  actionpack (4.2.4) lib/action_controller/metal/rack_delegation.rb:13:in `dispatch'
  actionpack (4.2.4) lib/action_controller/metal.rb:237:in `block in action'
  actionpack (4.2.4) lib/action_dispatch/routing/route_set.rb:76:in `call'
  actionpack (4.2.4) lib/action_dispatch/routing/route_set.rb:76:in `dispatch'
  actionpack (4.2.4) lib/action_dispatch/routing/route_set.rb:45:in `serve'
  actionpack (4.2.4) lib/action_dispatch/journey/router.rb:43:in `block in serve'
  actionpack (4.2.4) lib/action_dispatch/journey/router.rb:30:in `each'
  actionpack (4.2.4) lib/action_dispatch/journey/router.rb:30:in `serve'
  actionpack (4.2.4) lib/action_dispatch/routing/route_set.rb:821:in `call'
  warden (1.2.6) lib/warden/manager.rb:35:in `block in call'
  warden (1.2.6) lib/warden/manager.rb:34:in `catch'
  warden (1.2.6) lib/warden/manager.rb:34:in `call'
  rack (1.6.4) lib/rack/etag.rb:24:in `call'
  rack (1.6.4) lib/rack/conditionalget.rb:25:in `call'
  rack (1.6.4) lib/rack/head.rb:13:in `call'
  actionpack (4.2.4) lib/action_dispatch/middleware/params_parser.rb:27:in `call'
  actionpack (4.2.4) lib/action_dispatch/middleware/flash.rb:260:in `call'
  rack (1.6.4) lib/rack/session/abstract/id.rb:225:in `context'
  rack (1.6.4) lib/rack/session/abstract/id.rb:220:in `call'
  actionpack (4.2.4) lib/action_dispatch/middleware/cookies.rb:560:in `call'
  activerecord (4.2.4) lib/active_record/query_cache.rb:36:in `call'
  activerecord (4.2.4) lib/active_record/connection_adapters/abstract/connection_pool.rb:653:in `call'
  activerecord (4.2.4) lib/active_record/migration.rb:377:in `call'
  actionpack (4.2.4) lib/action_dispatch/middleware/callbacks.rb:29:in `block in call'
  activesupport (4.2.4) lib/active_support/callbacks.rb:88:in `__run_callbacks__'
  activesupport (4.2.4) lib/active_support/callbacks.rb:778:in `_run_call_callbacks'
  activesupport (4.2.4) lib/active_support/callbacks.rb:81:in `run_callbacks'
  actionpack (4.2.4) lib/action_dispatch/middleware/callbacks.rb:27:in `call'
  actionpack (4.2.4) lib/action_dispatch/middleware/reloader.rb:73:in `call'
  actionpack (4.2.4) lib/action_dispatch/middleware/remote_ip.rb:78:in `call'
  actionpack (4.2.4) lib/action_dispatch/middleware/debug_exceptions.rb:17:in `call'
  web-console (2.3.0) lib/web_console/middleware.rb:28:in `block in call'
  web-console (2.3.0) lib/web_console/middleware.rb:18:in `catch'
  web-console (2.3.0) lib/web_console/middleware.rb:18:in `call'
  actionpack (4.2.4) lib/action_dispatch/middleware/show_exceptions.rb:30:in `call'
  railties (4.2.4) lib/rails/rack/logger.rb:38:in `call_app'
  railties (4.2.4) lib/rails/rack/logger.rb:20:in `block in call'
  activesupport (4.2.4) lib/active_support/tagged_logging.rb:68:in `block in tagged'
  activesupport (4.2.4) lib/active_support/tagged_logging.rb:26:in `tagged'
  activesupport (4.2.4) lib/active_support/tagged_logging.rb:68:in `tagged'
  railties (4.2.4) lib/rails/rack/logger.rb:20:in `call'
  actionpack (4.2.4) lib/action_dispatch/middleware/request_id.rb:21:in `call'
  rack (1.6.4) lib/rack/methodoverride.rb:22:in `call'
  rack (1.6.4) lib/rack/runtime.rb:18:in `call'
  activesupport (4.2.4) lib/active_support/cache/strategy/local_cache_middleware.rb:28:in `call'
  rack (1.6.4) lib/rack/lock.rb:17:in `call'
  actionpack (4.2.4) lib/action_dispatch/middleware/static.rb:116:in `call'
  rack (1.6.4) lib/rack/sendfile.rb:113:in `call'
  railties (4.2.4) lib/rails/engine.rb:518:in `call'
  railties (4.2.4) lib/rails/application.rb:165:in `call'
  rack (1.6.4) lib/rack/lock.rb:17:in `call'
  rack (1.6.4) lib/rack/content_length.rb:15:in `call'
  rack (1.6.4) lib/rack/handler/webrick.rb:88:in `service'
  /Users/BZhen/.rbenv/versions/2.2.0/lib/ruby/2.2.0/webrick/httpserver.rb:138:in `service'
  /Users/BZhen/.rbenv/versions/2.2.0/lib/ruby/2.2.0/webrick/httpserver.rb:94:in `run'
  /Users/BZhen/.rbenv/versions/2.2.0/lib/ruby/2.2.0/webrick/server.rb:294:in `block in start_thread'


  Rendered /Users/BZhen/.rvm/gems/ruby-2.3.0/gems/actionpack-4.2.4/lib/action_dispatch/middleware/templates/rescues/_source.erb (5.6ms)
  Rendered /Users/BZhen/.rvm/gems/ruby-2.3.0/gems/actionpack-4.2.4/lib/action_dispatch/middleware/templates/rescues/_trace.html.erb (3.3ms)
  Rendered /Users/BZhen/.rvm/gems/ruby-2.3.0/gems/actionpack-4.2.4/lib/action_dispatch/middleware/templates/rescues/_request_and_response.html.erb (1.5ms)
  Rendered /Users/BZhen/.rvm/gems/ruby-2.3.0/gems/actionpack-4.2.4/lib/action_dispatch/middleware/templates/rescues/missing_template.html.erb within rescues/layout (68.5ms)
  Rendered /Users/BZhen/.rvm/gems/ruby-2.3.0/gems/web-console-2.3.0/lib/web_console/templates/_markup.html.erb (0.5ms)
  Rendered /Users/BZhen/.rvm/gems/ruby-2.3.0/gems/web-console-2.3.0/lib/web_console/templates/_inner_console_markup.html.erb within layouts/inlined_string (0.5ms)
  Rendered /Users/BZhen/.rvm/gems/ruby-2.3.0/gems/web-console-2.3.0/lib/web_console/templates/_prompt_box_markup.html.erb within layouts/inlined_string (0.5ms)
  Rendered /Users/BZhen/.rvm/gems/ruby-2.3.0/gems/web-console-2.3.0/lib/web_console/templates/style.css.erb within layouts/inlined_string (0.7ms)
  Rendered /Users/BZhen/.rvm/gems/ruby-2.3.0/gems/web-console-2.3.0/lib/web_console/templates/console.js.erb within layouts/javascript (65.8ms)
  Rendered /Users/BZhen/.rvm/gems/ruby-2.3.0/gems/web-console-2.3.0/lib/web_console/templates/main.js.erb within layouts/javascript (0.3ms)
  Rendered /Users/BZhen/.rvm/gems/ruby-2.3.0/gems/web-console-2.3.0/lib/web_console/templates/error_page.js.erb within layouts/javascript (0.6ms)
  Rendered /Users/BZhen/.rvm/gems/ruby-2.3.0/gems/web-console-2.3.0/lib/web_console/templates/index.html.erb (138.9ms)


Started GET "/posts/1/edit" for ::1 at 2016-04-12 15:40:06 -0700
Processing by PostsController#edit as HTML
  Parameters: {"id"=>"1"}
  [1m[35mPost Load (0.1ms)[0m  SELECT  "posts".* FROM "posts" WHERE "posts"."id" = ? LIMIT 1  [["id", 1]]
Completed 500 Internal Server Error in 7ms (ActiveRecord: 0.1ms)

ActionView::MissingTemplate (Missing template posts/edit, application/edit with {:locale=>[:en], :formats=>[:html], :variants=>[], :handlers=>[:erb, :builder, :raw, :ruby, :coffee, :haml, :jbuilder]}. Searched in:
  * "/Users/BZhen/Desktop/forum/forum/app/views"
  * "/Users/BZhen/.rvm/gems/ruby-2.3.0/gems/devise-3.5.6/app/views"
):
  actionview (4.2.4) lib/action_view/path_set.rb:46:in `find'
  actionview (4.2.4) lib/action_view/lookup_context.rb:121:in `find'
  actionview (4.2.4) lib/action_view/renderer/abstract_renderer.rb:18:in `find_template'
  actionview (4.2.4) lib/action_view/renderer/template_renderer.rb:40:in `determine_template'
  actionview (4.2.4) lib/action_view/renderer/template_renderer.rb:8:in `render'
  actionview (4.2.4) lib/action_view/renderer/renderer.rb:42:in `render_template'
  actionview (4.2.4) lib/action_view/renderer/renderer.rb:23:in `render'
  actionview (4.2.4) lib/action_view/rendering.rb:100:in `_render_template'
  actionpack (4.2.4) lib/action_controller/metal/streaming.rb:217:in `_render_template'
  actionview (4.2.4) lib/action_view/rendering.rb:83:in `render_to_body'
  actionpack (4.2.4) lib/action_controller/metal/rendering.rb:32:in `render_to_body'
  actionpack (4.2.4) lib/action_controller/metal/renderers.rb:37:in `render_to_body'
  actionpack (4.2.4) lib/abstract_controller/rendering.rb:25:in `render'
  actionpack (4.2.4) lib/action_controller/metal/rendering.rb:16:in `render'
  actionpack (4.2.4) lib/action_controller/metal/instrumentation.rb:44:in `block (2 levels) in render'
  activesupport (4.2.4) lib/active_support/core_ext/benchmark.rb:12:in `block in ms'
  /Users/BZhen/.rbenv/versions/2.2.0/lib/ruby/2.2.0/benchmark.rb:303:in `realtime'
  activesupport (4.2.4) lib/active_support/core_ext/benchmark.rb:12:in `ms'
  actionpack (4.2.4) lib/action_controller/metal/instrumentation.rb:44:in `block in render'
  actionpack (4.2.4) lib/action_controller/metal/instrumentation.rb:87:in `cleanup_view_runtime'
  activerecord (4.2.4) lib/active_record/railties/controller_runtime.rb:25:in `cleanup_view_runtime'
  actionpack (4.2.4) lib/action_controller/metal/instrumentation.rb:43:in `render'
  actionpack (4.2.4) lib/action_controller/metal/implicit_render.rb:10:in `default_render'
  actionpack (4.2.4) lib/action_controller/metal/implicit_render.rb:5:in `send_action'
  actionpack (4.2.4) lib/abstract_controller/base.rb:198:in `process_action'
  actionpack (4.2.4) lib/action_controller/metal/rendering.rb:10:in `process_action'
  actionpack (4.2.4) lib/abstract_controller/callbacks.rb:20:in `block in process_action'
  activesupport (4.2.4) lib/active_support/callbacks.rb:117:in `call'
  activesupport (4.2.4) lib/active_support/callbacks.rb:117:in `call'
  activesupport (4.2.4) lib/active_support/callbacks.rb:555:in `block (2 levels) in compile'
  activesupport (4.2.4) lib/active_support/callbacks.rb:505:in `call'
  activesupport (4.2.4) lib/active_support/callbacks.rb:505:in `call'
  activesupport (4.2.4) lib/active_support/callbacks.rb:92:in `__run_callbacks__'
  activesupport (4.2.4) lib/active_support/callbacks.rb:778:in `_run_process_action_callbacks'
  activesupport (4.2.4) lib/active_support/callbacks.rb:81:in `run_callbacks'
  actionpack (4.2.4) lib/abstract_controller/callbacks.rb:19:in `process_action'
  actionpack (4.2.4) lib/action_controller/metal/rescue.rb:29:in `process_action'
  actionpack (4.2.4) lib/action_controller/metal/instrumentation.rb:32:in `block in process_action'
  activesupport (4.2.4) lib/active_support/notifications.rb:164:in `block in instrument'
  activesupport (4.2.4) lib/active_support/notifications/instrumenter.rb:20:in `instrument'
  activesupport (4.2.4) lib/active_support/notifications.rb:164:in `instrument'
  actionpack (4.2.4) lib/action_controller/metal/instrumentation.rb:30:in `process_action'
  actionpack (4.2.4) lib/action_controller/metal/params_wrapper.rb:250:in `process_action'
  activerecord (4.2.4) lib/active_record/railties/controller_runtime.rb:18:in `process_action'
  actionpack (4.2.4) lib/abstract_controller/base.rb:137:in `process'
  actionview (4.2.4) lib/action_view/rendering.rb:30:in `process'
  actionpack (4.2.4) lib/action_controller/metal.rb:196:in `dispatch'
  actionpack (4.2.4) lib/action_controller/metal/rack_delegation.rb:13:in `dispatch'
  actionpack (4.2.4) lib/action_controller/metal.rb:237:in `block in action'
  actionpack (4.2.4) lib/action_dispatch/routing/route_set.rb:76:in `call'
  actionpack (4.2.4) lib/action_dispatch/routing/route_set.rb:76:in `dispatch'
  actionpack (4.2.4) lib/action_dispatch/routing/route_set.rb:45:in `serve'
  actionpack (4.2.4) lib/action_dispatch/journey/router.rb:43:in `block in serve'
  actionpack (4.2.4) lib/action_dispatch/journey/router.rb:30:in `each'
  actionpack (4.2.4) lib/action_dispatch/journey/router.rb:30:in `serve'
  actionpack (4.2.4) lib/action_dispatch/routing/route_set.rb:821:in `call'
  warden (1.2.6) lib/warden/manager.rb:35:in `block in call'
  warden (1.2.6) lib/warden/manager.rb:34:in `catch'
  warden (1.2.6) lib/warden/manager.rb:34:in `call'
  rack (1.6.4) lib/rack/etag.rb:24:in `call'
  rack (1.6.4) lib/rack/conditionalget.rb:25:in `call'
  rack (1.6.4) lib/rack/head.rb:13:in `call'
  actionpack (4.2.4) lib/action_dispatch/middleware/params_parser.rb:27:in `call'
  actionpack (4.2.4) lib/action_dispatch/middleware/flash.rb:260:in `call'
  rack (1.6.4) lib/rack/session/abstract/id.rb:225:in `context'
  rack (1.6.4) lib/rack/session/abstract/id.rb:220:in `call'
  actionpack (4.2.4) lib/action_dispatch/middleware/cookies.rb:560:in `call'
  activerecord (4.2.4) lib/active_record/query_cache.rb:36:in `call'
  activerecord (4.2.4) lib/active_record/connection_adapters/abstract/connection_pool.rb:653:in `call'
  activerecord (4.2.4) lib/active_record/migration.rb:377:in `call'
  actionpack (4.2.4) lib/action_dispatch/middleware/callbacks.rb:29:in `block in call'
  activesupport (4.2.4) lib/active_support/callbacks.rb:88:in `__run_callbacks__'
  activesupport (4.2.4) lib/active_support/callbacks.rb:778:in `_run_call_callbacks'
  activesupport (4.2.4) lib/active_support/callbacks.rb:81:in `run_callbacks'
  actionpack (4.2.4) lib/action_dispatch/middleware/callbacks.rb:27:in `call'
  actionpack (4.2.4) lib/action_dispatch/middleware/reloader.rb:73:in `call'
  actionpack (4.2.4) lib/action_dispatch/middleware/remote_ip.rb:78:in `call'
  actionpack (4.2.4) lib/action_dispatch/middleware/debug_exceptions.rb:17:in `call'
  web-console (2.3.0) lib/web_console/middleware.rb:28:in `block in call'
  web-console (2.3.0) lib/web_console/middleware.rb:18:in `catch'
  web-console (2.3.0) lib/web_console/middleware.rb:18:in `call'
  actionpack (4.2.4) lib/action_dispatch/middleware/show_exceptions.rb:30:in `call'
  railties (4.2.4) lib/rails/rack/logger.rb:38:in `call_app'
  railties (4.2.4) lib/rails/rack/logger.rb:20:in `block in call'
  activesupport (4.2.4) lib/active_support/tagged_logging.rb:68:in `block in tagged'
  activesupport (4.2.4) lib/active_support/tagged_logging.rb:26:in `tagged'
  activesupport (4.2.4) lib/active_support/tagged_logging.rb:68:in `tagged'
  railties (4.2.4) lib/rails/rack/logger.rb:20:in `call'
  actionpack (4.2.4) lib/action_dispatch/middleware/request_id.rb:21:in `call'
  rack (1.6.4) lib/rack/methodoverride.rb:22:in `call'
  rack (1.6.4) lib/rack/runtime.rb:18:in `call'
  activesupport (4.2.4) lib/active_support/cache/strategy/local_cache_middleware.rb:28:in `call'
  rack (1.6.4) lib/rack/lock.rb:17:in `call'
  actionpack (4.2.4) lib/action_dispatch/middleware/static.rb:116:in `call'
  rack (1.6.4) lib/rack/sendfile.rb:113:in `call'
  railties (4.2.4) lib/rails/engine.rb:518:in `call'
  railties (4.2.4) lib/rails/application.rb:165:in `call'
  rack (1.6.4) lib/rack/lock.rb:17:in `call'
  rack (1.6.4) lib/rack/content_length.rb:15:in `call'
  rack (1.6.4) lib/rack/handler/webrick.rb:88:in `service'
  /Users/BZhen/.rbenv/versions/2.2.0/lib/ruby/2.2.0/webrick/httpserver.rb:138:in `service'
  /Users/BZhen/.rbenv/versions/2.2.0/lib/ruby/2.2.0/webrick/httpserver.rb:94:in `run'
  /Users/BZhen/.rbenv/versions/2.2.0/lib/ruby/2.2.0/webrick/server.rb:294:in `block in start_thread'


  Rendered /Users/BZhen/.rvm/gems/ruby-2.3.0/gems/actionpack-4.2.4/lib/action_dispatch/middleware/templates/rescues/_source.erb (5.2ms)
  Rendered /Users/BZhen/.rvm/gems/ruby-2.3.0/gems/actionpack-4.2.4/lib/action_dispatch/middleware/templates/rescues/_trace.html.erb (2.4ms)
  Rendered /Users/BZhen/.rvm/gems/ruby-2.3.0/gems/actionpack-4.2.4/lib/action_dispatch/middleware/templates/rescues/_request_and_response.html.erb (0.9ms)
  Rendered /Users/BZhen/.rvm/gems/ruby-2.3.0/gems/actionpack-4.2.4/lib/action_dispatch/middleware/templates/rescues/missing_template.html.erb within rescues/layout (71.8ms)
  Rendered /Users/BZhen/.rvm/gems/ruby-2.3.0/gems/web-console-2.3.0/lib/web_console/templates/_markup.html.erb (0.4ms)
  Rendered /Users/BZhen/.rvm/gems/ruby-2.3.0/gems/web-console-2.3.0/lib/web_console/templates/_inner_console_markup.html.erb within layouts/inlined_string (0.3ms)
  Rendered /Users/BZhen/.rvm/gems/ruby-2.3.0/gems/web-console-2.3.0/lib/web_console/templates/_prompt_box_markup.html.erb within layouts/inlined_string (0.5ms)
  Rendered /Users/BZhen/.rvm/gems/ruby-2.3.0/gems/web-console-2.3.0/lib/web_console/templates/style.css.erb within layouts/inlined_string (0.4ms)
  Rendered /Users/BZhen/.rvm/gems/ruby-2.3.0/gems/web-console-2.3.0/lib/web_console/templates/console.js.erb within layouts/javascript (59.6ms)
  Rendered /Users/BZhen/.rvm/gems/ruby-2.3.0/gems/web-console-2.3.0/lib/web_console/templates/main.js.erb within layouts/javascript (0.4ms)
  Rendered /Users/BZhen/.rvm/gems/ruby-2.3.0/gems/web-console-2.3.0/lib/web_console/templates/error_page.js.erb within layouts/javascript (0.5ms)
  Rendered /Users/BZhen/.rvm/gems/ruby-2.3.0/gems/web-console-2.3.0/lib/web_console/templates/index.html.erb (136.5ms)


Started GET "/posts/1/edit" for ::1 at 2016-04-12 15:41:19 -0700
Processing by PostsController#edit as HTML
  Parameters: {"id"=>"1"}
  [1m[36mPost Load (0.1ms)[0m  [1mSELECT  "posts".* FROM "posts" WHERE "posts"."id" = ? LIMIT 1[0m  [["id", 1]]
  Rendered posts/_form.html.haml (10.9ms)
  Rendered posts/edit.html.haml within layouts/application (24.0ms)
Completed 200 OK in 49ms (Views: 48.0ms | ActiveRecord: 0.1ms)


Started GET "/assets/posts.self-e3b0c44298fc1c149afbf4c8996fb92427ae41e4649b934ca495991b7852b855.css?body=1" for ::1 at 2016-04-12 15:41:19 -0700


Started GET "/assets/application.self-e80e8f2318043e8af94dddc2adad5a4f09739a8ebb323b3ab31cd71d45fd9113.css?body=1" for ::1 at 2016-04-12 15:41:19 -0700


Started GET "/assets/jquery.self-660adc51e0224b731d29f575a6f1ec167ba08ad06ed5deca4f1e8654c135bf4c.js?body=1" for ::1 at 2016-04-12 15:41:19 -0700


Started GET "/assets/jquery_ujs.self-e87806d0cf4489aeb1bb7288016024e8de67fd18db693fe026fe3907581e53cd.js?body=1" for ::1 at 2016-04-12 15:41:19 -0700


Started GET "/assets/application.self-3b8dabdc891efe46b9a144b400ad69e37d7e5876bdc39dee783419a69d7ca819.js?body=1" for ::1 at 2016-04-12 15:41:19 -0700


Started GET "/assets/turbolinks.self-c37727e9bd6b2735da5c311aa83fead54ed0be6cc8bd9a65309e9c5abe2cbfff.js?body=1" for ::1 at 2016-04-12 15:41:19 -0700


Started GET "/assets/posts.self-877aef30ae1b040ab8a3aba4e3e309a11d7f2612f44dde450b5c157aa5f95c05.js?body=1" for ::1 at 2016-04-12 15:41:19 -0700


Started GET "/posts/1" for ::1 at 2016-04-12 15:41:21 -0700
Processing by PostsController#show as HTML
  Parameters: {"id"=>"1"}
  [1m[35mPost Load (0.1ms)[0m  SELECT  "posts".* FROM "posts" WHERE "posts"."id" = ? LIMIT 1  [["id", 1]]
  Rendered posts/show.html.haml within layouts/application (2.7ms)
Completed 200 OK in 22ms (Views: 20.5ms | ActiveRecord: 0.1ms)


Started GET "/posts/1/edit" for ::1 at 2016-04-12 15:41:28 -0700
Processing by PostsController#edit as HTML
  Parameters: {"id"=>"1"}
  [1m[36mPost Load (0.2ms)[0m  [1mSELECT  "posts".* FROM "posts" WHERE "posts"."id" = ? LIMIT 1[0m  [["id", 1]]
  Rendered posts/_form.html.haml (6.8ms)
  Rendered posts/edit.html.haml within layouts/application (10.6ms)
Completed 200 OK in 31ms (Views: 29.1ms | ActiveRecord: 0.2ms)


Started GET "/posts/1" for ::1 at 2016-04-12 15:41:29 -0700
Processing by PostsController#show as HTML
  Parameters: {"id"=>"1"}
  [1m[35mPost Load (0.1ms)[0m  SELECT  "posts".* FROM "posts" WHERE "posts"."id" = ? LIMIT 1  [["id", 1]]
  Rendered posts/show.html.haml within layouts/application (0.6ms)
Completed 200 OK in 17ms (Views: 15.8ms | ActiveRecord: 0.1ms)


Started GET "/posts/1/edit" for ::1 at 2016-04-12 15:41:42 -0700
Processing by PostsController#edit as HTML
  Parameters: {"id"=>"1"}
  [1m[36mPost Load (0.2ms)[0m  [1mSELECT  "posts".* FROM "posts" WHERE "posts"."id" = ? LIMIT 1[0m  [["id", 1]]
  Rendered posts/_form.html.haml (8.2ms)
  Rendered posts/edit.html.haml within layouts/application (10.7ms)
Completed 200 OK in 28ms (Views: 26.1ms | ActiveRecord: 0.2ms)


Started PATCH "/posts/1" for ::1 at 2016-04-12 15:41:46 -0700
Processing by PostsController#update as HTML
  Parameters: {"utf8"=>"✓", "authenticity_token"=>"SosDCLMynn5VR4gxZ/hUCE9WqF/5ebp5dHp0pzOusCwUlaJCsfAiMCkIEiyZQh9D+elHxoDiYCuoS/LgUXg8cQ==", "post"=>{"title"=>"First forum post!! Blah", "content"=>"Hammock bushwick keytar, try-hard craft beer yuccie blue bottle pinterest plaid cred. Everyday carry kogi disrupt letterpress marfa vegan, pabst hella food truck asymmetrical polaroid cardigan. 3 wolf moon asymmetrical migas literally, semiotics microdosing fap biodiesel chambray gluten-free sartorial. Normcore forage cardigan cornhole. Semiotics stumptown biodiesel, authentic craft beer occupy literally poutine austin tumblr chillwave single-origin coffee bushwick marfa. Cred flexitarian before they sold out kogi four loko readymade, hashtag schlitz 8-bit deep v YOLO fingerstache quinoa helvetica. Heirloom cronut literally portland kombucha.\r\n\r\nActually authentic next level fixie, DIY flexitarian bespoke street art dreamcatcher before they sold out keytar. Church-key wayfarers cronut lomo, XOXO kale chips single-origin coffee chillwave. Kogi portland sustainable vice, street art cred blue bottle everyday carry drinking vinegar bespoke iPhone. Banjo fixie XOXO, cold-pressed thundercats vice kickstarter tilde pug helvetica cardigan four dollar toast biodiesel meggings tacos. Deep v irony swag, trust fund kogi meditation food truck forage wayfarers 8-bit shabby chic. Occupy gochujang bicycle rights, flexitarian swag fixie chambray cornhole deep v shoreditch authentic thundercats mlkshk mixtape gentrify. Skateboard you probably haven't heard of them 90's, typewriter single-origin coffee PBR&B banh mi tilde fanny pack polaroid.\r\n\r\nLo-fi squid ugh cliche put a bird on it, narwhal bespoke chia hammock pug helvetica listicle flannel organic. Lomo letterpress jean shorts umami, PBR&B gastropub everyday carry chartreuse tofu beard small batch brunch portland food truck keytar. Tattooed gentrify godard, chartreuse truffaut organic meggings scenester sriracha banjo gluten-free butcher cred pop-up man bun. Artisan swag chillwave, plaid forage deep v retro YOLO intelligentsia. Pop-up chillwave tousled, cardigan 90's cold-pressed YOLO keytar fap dreamcatcher. Paleo photo booth pickled celiac, viral gluten-free intelligentsia man braid deep v hella cred polaroid. Blog venmo waistcoat kickstarter wolf pour-over meggings YOLO, fingerstache cronut.\r\n\r\nPBR&B cardigan ugh wayfarers, lomo forage viral flannel aesthetic portland. Tilde ramps cronut man braid 90's tote bag, chambray listicle irony butcher pinterest migas marfa narwhal try-hard. Celiac selvage shabby chic biodiesel. Offal twee before they sold out deep v quinoa fashion axe. Irony literally gluten-free cronut, farm-to-table retro salvia taxidermy pork belly aesthetic ramps post-ironic. Locavore irony lo-fi, aesthetic cold-pressed seitan 90's fixie whatever heirloom tote bag. Gluten-free vegan roof party disrupt.\r\nOh. You need a little dummy text for your mockup? How quaint.\r\n\r\nI bet you’re still using Bootstrap too…"}, "commit"=>"Update Post", "id"=>"1"}
  [1m[35mPost Load (0.1ms)[0m  SELECT  "posts".* FROM "posts" WHERE "posts"."id" = ? LIMIT 1  [["id", 1]]
Completed 500 Internal Server Error in 2ms (ActiveRecord: 0.1ms)

ArgumentError (wrong number of arguments (0 for 1)):
  app/controllers/posts_controller.rb:28:in `update'


  Rendered /Users/BZhen/.rvm/gems/ruby-2.3.0/gems/actionpack-4.2.4/lib/action_dispatch/middleware/templates/rescues/_source.erb (5.3ms)
  Rendered /Users/BZhen/.rvm/gems/ruby-2.3.0/gems/actionpack-4.2.4/lib/action_dispatch/middleware/templates/rescues/_trace.html.erb (2.4ms)
  Rendered /Users/BZhen/.rvm/gems/ruby-2.3.0/gems/actionpack-4.2.4/lib/action_dispatch/middleware/templates/rescues/_request_and_response.html.erb (1.1ms)
  Rendered /Users/BZhen/.rvm/gems/ruby-2.3.0/gems/actionpack-4.2.4/lib/action_dispatch/middleware/templates/rescues/diagnostics.html.erb within rescues/layout (70.5ms)
  Rendered /Users/BZhen/.rvm/gems/ruby-2.3.0/gems/web-console-2.3.0/lib/web_console/templates/_markup.html.erb (0.5ms)
  Rendered /Users/BZhen/.rvm/gems/ruby-2.3.0/gems/web-console-2.3.0/lib/web_console/templates/_inner_console_markup.html.erb within layouts/inlined_string (0.3ms)
  Rendered /Users/BZhen/.rvm/gems/ruby-2.3.0/gems/web-console-2.3.0/lib/web_console/templates/_prompt_box_markup.html.erb within layouts/inlined_string (0.3ms)
  Rendered /Users/BZhen/.rvm/gems/ruby-2.3.0/gems/web-console-2.3.0/lib/web_console/templates/style.css.erb within layouts/inlined_string (0.4ms)
  Rendered /Users/BZhen/.rvm/gems/ruby-2.3.0/gems/web-console-2.3.0/lib/web_console/templates/console.js.erb within layouts/javascript (54.7ms)
  Rendered /Users/BZhen/.rvm/gems/ruby-2.3.0/gems/web-console-2.3.0/lib/web_console/templates/main.js.erb within layouts/javascript (0.3ms)
  Rendered /Users/BZhen/.rvm/gems/ruby-2.3.0/gems/web-console-2.3.0/lib/web_console/templates/error_page.js.erb within layouts/javascript (0.5ms)
  Rendered /Users/BZhen/.rvm/gems/ruby-2.3.0/gems/web-console-2.3.0/lib/web_console/templates/index.html.erb (123.0ms)
  [1m[36mActiveRecord::SchemaMigration Load (0.5ms)[0m  [1mSELECT "schema_migrations".* FROM "schema_migrations"[0m
  [1m[35mActiveRecord::SchemaMigration Load (0.1ms)[0m  SELECT "schema_migrations".* FROM "schema_migrations"
  [1m[36mActiveRecord::SchemaMigration Load (0.1ms)[0m  [1mSELECT "schema_migrations".* FROM "schema_migrations"[0m
  [1m[35mActiveRecord::SchemaMigration Load (0.1ms)[0m  SELECT "schema_migrations".* FROM "schema_migrations"


Started GET "/" for ::1 at 2016-04-20 00:59:05 -0700
  [1m[36mActiveRecord::SchemaMigration Load (0.3ms)[0m  [1mSELECT "schema_migrations".* FROM "schema_migrations"[0m
Processing by PostsController#index as HTML
  Rendered posts/index.html.haml within layouts/application (3.5ms)
Completed 200 OK in 1015ms (Views: 950.9ms | ActiveRecord: 0.0ms)


Started GET "/assets/jquery.self-660adc51e0224b731d29f575a6f1ec167ba08ad06ed5deca4f1e8654c135bf4c.js?body=1" for ::1 at 2016-04-20 00:59:06 -0700


Started GET "/assets/application.self-e80e8f2318043e8af94dddc2adad5a4f09739a8ebb323b3ab31cd71d45fd9113.css?body=1" for ::1 at 2016-04-20 00:59:06 -0700


Started GET "/assets/posts.self-e3b0c44298fc1c149afbf4c8996fb92427ae41e4649b934ca495991b7852b855.css?body=1" for ::1 at 2016-04-20 00:59:06 -0700


Started GET "/assets/jquery_ujs.self-e87806d0cf4489aeb1bb7288016024e8de67fd18db693fe026fe3907581e53cd.js?body=1" for ::1 at 2016-04-20 00:59:06 -0700


Started GET "/assets/turbolinks.self-c37727e9bd6b2735da5c311aa83fead54ed0be6cc8bd9a65309e9c5abe2cbfff.js?body=1" for ::1 at 2016-04-20 00:59:06 -0700


Started GET "/assets/posts.self-877aef30ae1b040ab8a3aba4e3e309a11d7f2612f44dde450b5c157aa5f95c05.js?body=1" for ::1 at 2016-04-20 00:59:06 -0700


Started GET "/assets/application.self-3b8dabdc891efe46b9a144b400ad69e37d7e5876bdc39dee783419a69d7ca819.js?body=1" for ::1 at 2016-04-20 00:59:06 -0700
